Reading OpenROAD database at '/workspace/test_full_adder/runs/RUN_2025-08-19_16-02-41/23-openroad-globalplacementskipio/FullAdder.odb'…
Reading library file at '/nc/apps/pdk/ciel/sky130/versions/0fe599b2afb6708d281543108caf8310912f54af/sky130A/libs.ref/sky130_fd_sc_hd/lib/sky130_fd_sc_hd__tt_025C_1v80.lib'…
Reading design constraints file at '/nix/store/zs0jjs1cnaljzhp3rwp8bw7z27hk44md-python3-3.11.9-env/lib/python3.11/site-packages/librelane/scripts/base.sdc'…
[WARNING STA-0366] port '__VIRTUAL_CLK__' not found.
[INFO] Using clock __VIRTUAL_CLK__…
[INFO] Setting output delay to: 2
[INFO] Setting input delay to: 2
[WARNING STA-0366] port '__VIRTUAL_CLK__' not found.
[INFO] Setting load to: 0.033442
[INFO] Setting clock uncertainty to: 0.25
[INFO] Setting clock transition to: 0.1499999999999999944488848768742172978818416595458984375
[WARNING STA-0419] transition time can not be specified for virtual clocks.
[INFO] Setting timing derate to: 5%
[WARNING STA-0450] virtual clock __VIRTUAL_CLK__ can not be propagated.
[INFO] place_pins args: -min_distance 3
Found 0 macro blocks.
[INFO PPL-0010] Tentative 0 to set up sections.
[INFO PPL-0001] Number of slots           122
[INFO PPL-0002] Number of I/O             5
[INFO PPL-0003] Number of I/O w/sink      5
[INFO PPL-0004] Number of I/O w/o sink    0
[INFO PPL-0005] Slots per section         200
[INFO PPL-0006] Slots increase factor     0.01
[INFO PPL-0008] Successfully assigned pins to sections.
[INFO PPL-0012] I/O nets HPWL: 257.92 um.
Setting global connections for newly added cells…
[INFO] Setting global connections...
Updating metrics…
Cell type report:                       Count       Area
  Fill cell                                56     210.20
  Tap cell                                 90     112.61
  Inverter                                  1       3.75
  Multi-Input combinational cell            4      47.55
  Total                                   151     374.11
Writing OpenROAD database to '/workspace/test_full_adder/runs/RUN_2025-08-19_16-02-41/24-openroad-ioplacement/FullAdder.odb'…
Writing netlist to '/workspace/test_full_adder/runs/RUN_2025-08-19_16-02-41/24-openroad-ioplacement/FullAdder.nl.v'…
Writing powered netlist to '/workspace/test_full_adder/runs/RUN_2025-08-19_16-02-41/24-openroad-ioplacement/FullAdder.pnl.v'…
Writing layout to '/workspace/test_full_adder/runs/RUN_2025-08-19_16-02-41/24-openroad-ioplacement/FullAdder.def'…
Writing timing constraints to '/workspace/test_full_adder/runs/RUN_2025-08-19_16-02-41/24-openroad-ioplacement/FullAdder.sdc'…
