
===========================================================================
report_checks -path_delay max (Setup)
============================================================================
======================= nom_ff_n40C_1v95 Corner ===================================

Startpoint: b_i (input port clocked by __VIRTUAL_CLK__)
Endpoint: sum_o (output port clocked by __VIRTUAL_CLK__)
Path Group: __VIRTUAL_CLK__
Path Type: max

Fanout         Cap        Slew       Delay        Time   Description
---------------------------------------------------------------------------------------------
                      0.000000    0.000000    0.000000   clock __VIRTUAL_CLK__ (rise edge)
                                  0.000000    0.000000   clock network delay (ideal)
                                  2.000000    2.000000 v input external delay
     1    0.003013    0.005032    0.002469    2.002469 v b_i (in)
                                                         b_i (net)
                      0.005033    0.000000    2.002469 v input2/A (sky130_fd_sc_hd__buf_1)
     2    0.007949    0.036792    0.063064    2.065533 v input2/X (sky130_fd_sc_hd__buf_1)
                                                         net2 (net)
                      0.036793    0.000235    2.065768 v _6_/A (sky130_fd_sc_hd__xnor2_1)
     2    0.007791    0.150691    0.151993    2.217761 ^ _6_/Y (sky130_fd_sc_hd__xnor2_1)
                                                         _2_ (net)
                      0.150692    0.000170    2.217930 ^ _7_/B (sky130_fd_sc_hd__xnor2_1)
     1    0.009053    0.168472    0.113175    2.331106 ^ _7_/Y (sky130_fd_sc_hd__xnor2_1)
                                                         net5 (net)
                      0.168475    0.000521    2.331626 ^ output5/A (sky130_fd_sc_hd__buf_2)
     1    0.034106    0.127798    0.164194    2.495821 ^ output5/X (sky130_fd_sc_hd__buf_2)
                                                         sum_o (net)
                      0.127799    0.000658    2.496478 ^ sum_o (out)
                                              2.496478   data arrival time

                      0.000000   10.000000   10.000000   clock __VIRTUAL_CLK__ (rise edge)
                                  0.000000   10.000000   clock network delay (ideal)
                                 -0.250000    9.750000   clock uncertainty
                                  0.000000    9.750000   clock reconvergence pessimism
                                 -2.000000    7.750000   output external delay
                                              7.750000   data required time
---------------------------------------------------------------------------------------------
                                              7.750000   data required time
                                             -2.496478   data arrival time
---------------------------------------------------------------------------------------------
                                              5.253522   slack (MET)


Startpoint: b_i (input port clocked by __VIRTUAL_CLK__)
Endpoint: cout_o (output port clocked by __VIRTUAL_CLK__)
Path Group: __VIRTUAL_CLK__
Path Type: max

Fanout         Cap        Slew       Delay        Time   Description
---------------------------------------------------------------------------------------------
                      0.000000    0.000000    0.000000   clock __VIRTUAL_CLK__ (rise edge)
                                  0.000000    0.000000   clock network delay (ideal)
                                  2.000000    2.000000 v input external delay
     1    0.003013    0.005032    0.002469    2.002469 v b_i (in)
                                                         b_i (net)
                      0.005033    0.000000    2.002469 v input2/A (sky130_fd_sc_hd__buf_1)
     2    0.007949    0.036792    0.063064    2.065533 v input2/X (sky130_fd_sc_hd__buf_1)
                                                         net2 (net)
                      0.036793    0.000235    2.065768 v _6_/A (sky130_fd_sc_hd__xnor2_1)
     2    0.007270    0.049205    0.095286    2.161054 v _6_/Y (sky130_fd_sc_hd__xnor2_1)
                                                         _2_ (net)
                      0.049205    0.000095    2.161149 v _3_/A2 (sky130_fd_sc_hd__o21ai_1)
     1    0.002337    0.064553    0.076949    2.238098 ^ _3_/Y (sky130_fd_sc_hd__o21ai_1)
                                                         net4 (net)
                      0.064553    0.000066    2.238163 ^ output4/A (sky130_fd_sc_hd__buf_2)
     1    0.034318    0.128299    0.146624    2.384788 ^ output4/X (sky130_fd_sc_hd__buf_2)
                                                         cout_o (net)
                      0.128343    0.000733    2.385521 ^ cout_o (out)
                                              2.385521   data arrival time

                      0.000000   10.000000   10.000000   clock __VIRTUAL_CLK__ (rise edge)
                                  0.000000   10.000000   clock network delay (ideal)
                                 -0.250000    9.750000   clock uncertainty
                                  0.000000    9.750000   clock reconvergence pessimism
                                 -2.000000    7.750000   output external delay
                                              7.750000   data required time
---------------------------------------------------------------------------------------------
                                              7.750000   data required time
                                             -2.385521   data arrival time
---------------------------------------------------------------------------------------------
                                              5.364479   slack (MET)



