Reading timing models for corner nom_ff_n40C_1v95…
Reading cell library for the 'nom_ff_n40C_1v95' corner at '/nc/apps/pdk/ciel/sky130/versions/0fe599b2afb6708d281543108caf8310912f54af/sky130A/libs.ref/sky130_fd_sc_hd/lib/sky130_fd_sc_hd__ff_n40C_1v95.lib'…
Reading top-level netlist at '/workspace/test_full_adder/runs/RUN_2025-08-19_16-02-41/51-openroad-fillinsertion/FullAdder.nl.v'…
Linking design 'FullAdder' from netlist…
Warning: /workspace/test_full_adder/runs/RUN_2025-08-19_16-02-41/51-openroad-fillinsertion/FullAdder.nl.v line 92, module sky130_fd_sc_hd__tapvpwrvgnd_1 not found. Creating black box for TAP_TAPCELL_ROW_0_56.
Warning: /workspace/test_full_adder/runs/RUN_2025-08-19_16-02-41/51-openroad-fillinsertion/FullAdder.nl.v line 192, module sky130_ef_sc_hd__decap_12 not found. Creating black box for FILLER_0_3.
Warning: /workspace/test_full_adder/runs/RUN_2025-08-19_16-02-41/51-openroad-fillinsertion/FullAdder.nl.v line 194, module sky130_fd_sc_hd__fill_1 not found. Creating black box for FILLER_0_27.
Warning: /workspace/test_full_adder/runs/RUN_2025-08-19_16-02-41/51-openroad-fillinsertion/FullAdder.nl.v line 201, module sky130_fd_sc_hd__fill_2 not found. Creating black box for FILLER_0_85.
Reading design constraints file at '/nix/store/zs0jjs1cnaljzhp3rwp8bw7z27hk44md-python3-3.11.9-env/lib/python3.11/site-packages/librelane/scripts/base.sdc'…
Warning: base.sdc line 15, port '__VIRTUAL_CLK__' not found.
[INFO] Using clock __VIRTUAL_CLK__…
[INFO] Setting output delay to: 2
[INFO] Setting input delay to: 2
Warning: base.sdc line 32, port '__VIRTUAL_CLK__' not found.
[INFO] Setting load to: 0.033442
[INFO] Setting clock uncertainty to: 0.25
[INFO] Setting clock transition to: 0.1499999999999999944488848768742172978818416595458984375
Warning: base.sdc line 69, transition time can not be specified for virtual clocks.
[INFO] Setting timing derate to: 5%
Warning: base.sdc line 79, virtual clock __VIRTUAL_CLK__ can not be propagated.
Reading top-level design parasitics for the 'nom_ff_n40C_1v95' corner at '/workspace/test_full_adder/runs/RUN_2025-08-19_16-02-41/53-openroad-rcx/nom/FullAdder.nom.spef'…
%OL_CREATE_REPORT min.rpt

===========================================================================
report_checks -path_delay min (Hold)
============================================================================
======================= nom_ff_n40C_1v95 Corner ===================================

Startpoint: b_i (input port clocked by __VIRTUAL_CLK__)
Endpoint: cout_o (output port clocked by __VIRTUAL_CLK__)
Path Group: __VIRTUAL_CLK__
Path Type: min

Fanout         Cap        Slew       Delay        Time   Description
---------------------------------------------------------------------------------------------
                      0.000000    0.000000    0.000000   clock __VIRTUAL_CLK__ (rise edge)
                                  0.000000    0.000000   clock network delay (ideal)
                                  2.000000    2.000000 v input external delay
     1    0.003013    0.005032    0.002469    2.002469 v b_i (in)
                                                         b_i (net)
                      0.005033    0.000000    2.002469 v input2/A (sky130_fd_sc_hd__buf_1)
     2    0.007949    0.036792    0.063064    2.065533 v input2/X (sky130_fd_sc_hd__buf_1)
                                                         net2 (net)
                      0.036793    0.000184    2.065717 v _5_/A (sky130_fd_sc_hd__nand2_1)
     1    0.002311    0.025997    0.036997    2.102714 ^ _5_/Y (sky130_fd_sc_hd__nand2_1)
                                                         _1_ (net)
                      0.025997    0.000045    2.102759 ^ _3_/B1 (sky130_fd_sc_hd__o21ai_1)
     1    0.002178    0.015454    0.020268    2.123027 v _3_/Y (sky130_fd_sc_hd__o21ai_1)
                                                         net4 (net)
                      0.015454    0.000061    2.123088 v output4/A (sky130_fd_sc_hd__buf_2)
     1    0.034318    0.062829    0.111748    2.234835 v output4/X (sky130_fd_sc_hd__buf_2)
                                                         cout_o (net)
                      0.062838    0.000732    2.235568 v cout_o (out)
                                              2.235568   data arrival time

                      0.000000    0.000000    0.000000   clock __VIRTUAL_CLK__ (rise edge)
                                  0.000000    0.000000   clock network delay (ideal)
                                  0.250000    0.250000   clock uncertainty
                                  0.000000    0.250000   clock reconvergence pessimism
                                 -2.000000   -1.750000   output external delay
                                             -1.750000   data required time
---------------------------------------------------------------------------------------------
                                             -1.750000   data required time
                                             -2.235568   data arrival time
---------------------------------------------------------------------------------------------
                                              3.985568   slack (MET)


Startpoint: cin_i (input port clocked by __VIRTUAL_CLK__)
Endpoint: sum_o (output port clocked by __VIRTUAL_CLK__)
Path Group: __VIRTUAL_CLK__
Path Type: min

Fanout         Cap        Slew       Delay        Time   Description
---------------------------------------------------------------------------------------------
                      0.000000    0.000000    0.000000   clock __VIRTUAL_CLK__ (rise edge)
                                  0.000000    0.000000   clock network delay (ideal)
                                  2.000000    2.000000 ^ input external delay
     1    0.003101    0.014992    0.008032    2.008032 ^ cin_i (in)
                                                         cin_i (net)
                      0.014997    0.000000    2.008032 ^ input3/A (sky130_fd_sc_hd__buf_1)
     2    0.010810    0.099436    0.094895    2.102927 ^ input3/X (sky130_fd_sc_hd__buf_1)
                                                         net3 (net)
                      0.099437    0.000280    2.103207 ^ _7_/A (sky130_fd_sc_hd__xnor2_1)
     1    0.008894    0.047557    0.072621    2.175828 v _7_/Y (sky130_fd_sc_hd__xnor2_1)
                                                         net5 (net)
                      0.047562    0.000506    2.176335 v output5/A (sky130_fd_sc_hd__buf_2)
     1    0.034106    0.062541    0.124043    2.300378 v output5/X (sky130_fd_sc_hd__buf_2)
                                                         sum_o (net)
                      0.062548    0.000657    2.301035 v sum_o (out)
                                              2.301035   data arrival time

                      0.000000    0.000000    0.000000   clock __VIRTUAL_CLK__ (rise edge)
                                  0.000000    0.000000   clock network delay (ideal)
                                  0.250000    0.250000   clock uncertainty
                                  0.000000    0.250000   clock reconvergence pessimism
                                 -2.000000   -1.750000   output external delay
                                             -1.750000   data required time
---------------------------------------------------------------------------------------------
                                             -1.750000   data required time
                                             -2.301035   data arrival time
---------------------------------------------------------------------------------------------
                                              4.051035   slack (MET)



%OL_END_REPORT
%OL_CREATE_REPORT max.rpt

===========================================================================
report_checks -path_delay max (Setup)
============================================================================
======================= nom_ff_n40C_1v95 Corner ===================================

Startpoint: b_i (input port clocked by __VIRTUAL_CLK__)
Endpoint: sum_o (output port clocked by __VIRTUAL_CLK__)
Path Group: __VIRTUAL_CLK__
Path Type: max

Fanout         Cap        Slew       Delay        Time   Description
---------------------------------------------------------------------------------------------
                      0.000000    0.000000    0.000000   clock __VIRTUAL_CLK__ (rise edge)
                                  0.000000    0.000000   clock network delay (ideal)
                                  2.000000    2.000000 v input external delay
     1    0.003013    0.005032    0.002469    2.002469 v b_i (in)
                                                         b_i (net)
                      0.005033    0.000000    2.002469 v input2/A (sky130_fd_sc_hd__buf_1)
     2    0.007949    0.036792    0.063064    2.065533 v input2/X (sky130_fd_sc_hd__buf_1)
                                                         net2 (net)
                      0.036793    0.000235    2.065768 v _6_/A (sky130_fd_sc_hd__xnor2_1)
     2    0.007791    0.150691    0.151993    2.217761 ^ _6_/Y (sky130_fd_sc_hd__xnor2_1)
                                                         _2_ (net)
                      0.150692    0.000170    2.217930 ^ _7_/B (sky130_fd_sc_hd__xnor2_1)
     1    0.009053    0.168472    0.113175    2.331106 ^ _7_/Y (sky130_fd_sc_hd__xnor2_1)
                                                         net5 (net)
                      0.168475    0.000521    2.331626 ^ output5/A (sky130_fd_sc_hd__buf_2)
     1    0.034106    0.127798    0.164194    2.495821 ^ output5/X (sky130_fd_sc_hd__buf_2)
                                                         sum_o (net)
                      0.127799    0.000658    2.496478 ^ sum_o (out)
                                              2.496478   data arrival time

                      0.000000   10.000000   10.000000   clock __VIRTUAL_CLK__ (rise edge)
                                  0.000000   10.000000   clock network delay (ideal)
                                 -0.250000    9.750000   clock uncertainty
                                  0.000000    9.750000   clock reconvergence pessimism
                                 -2.000000    7.750000   output external delay
                                              7.750000   data required time
---------------------------------------------------------------------------------------------
                                              7.750000   data required time
                                             -2.496478   data arrival time
---------------------------------------------------------------------------------------------
                                              5.253522   slack (MET)


Startpoint: b_i (input port clocked by __VIRTUAL_CLK__)
Endpoint: cout_o (output port clocked by __VIRTUAL_CLK__)
Path Group: __VIRTUAL_CLK__
Path Type: max

Fanout         Cap        Slew       Delay        Time   Description
---------------------------------------------------------------------------------------------
                      0.000000    0.000000    0.000000   clock __VIRTUAL_CLK__ (rise edge)
                                  0.000000    0.000000   clock network delay (ideal)
                                  2.000000    2.000000 v input external delay
     1    0.003013    0.005032    0.002469    2.002469 v b_i (in)
                                                         b_i (net)
                      0.005033    0.000000    2.002469 v input2/A (sky130_fd_sc_hd__buf_1)
     2    0.007949    0.036792    0.063064    2.065533 v input2/X (sky130_fd_sc_hd__buf_1)
                                                         net2 (net)
                      0.036793    0.000235    2.065768 v _6_/A (sky130_fd_sc_hd__xnor2_1)
     2    0.007270    0.049205    0.095286    2.161054 v _6_/Y (sky130_fd_sc_hd__xnor2_1)
                                                         _2_ (net)
                      0.049205    0.000095    2.161149 v _3_/A2 (sky130_fd_sc_hd__o21ai_1)
     1    0.002337    0.064553    0.076949    2.238098 ^ _3_/Y (sky130_fd_sc_hd__o21ai_1)
                                                         net4 (net)
                      0.064553    0.000066    2.238163 ^ output4/A (sky130_fd_sc_hd__buf_2)
     1    0.034318    0.128299    0.146624    2.384788 ^ output4/X (sky130_fd_sc_hd__buf_2)
                                                         cout_o (net)
                      0.128343    0.000733    2.385521 ^ cout_o (out)
                                              2.385521   data arrival time

                      0.000000   10.000000   10.000000   clock __VIRTUAL_CLK__ (rise edge)
                                  0.000000   10.000000   clock network delay (ideal)
                                 -0.250000    9.750000   clock uncertainty
                                  0.000000    9.750000   clock reconvergence pessimism
                                 -2.000000    7.750000   output external delay
                                              7.750000   data required time
---------------------------------------------------------------------------------------------
                                              7.750000   data required time
                                             -2.385521   data arrival time
---------------------------------------------------------------------------------------------
                                              5.364479   slack (MET)



%OL_END_REPORT
%OL_CREATE_REPORT checks.rpt

===========================================================================
report_checks -unconstrained
===========================================================================
======================= nom_ff_n40C_1v95 Corner ===================================

Startpoint: b_i (input port clocked by __VIRTUAL_CLK__)
Endpoint: sum_o (output port clocked by __VIRTUAL_CLK__)
Path Group: __VIRTUAL_CLK__
Path Type: max

Fanout         Cap        Slew       Delay        Time   Description
---------------------------------------------------------------------------------------------
                      0.000000    0.000000    0.000000   clock __VIRTUAL_CLK__ (rise edge)
                                  0.000000    0.000000   clock network delay (ideal)
                                  2.000000    2.000000 v input external delay
     1    0.003013    0.005032    0.002469    2.002469 v b_i (in)
                                                         b_i (net)
                      0.005033    0.000000    2.002469 v input2/A (sky130_fd_sc_hd__buf_1)
     2    0.007949    0.036792    0.063064    2.065533 v input2/X (sky130_fd_sc_hd__buf_1)
                                                         net2 (net)
                      0.036793    0.000235    2.065768 v _6_/A (sky130_fd_sc_hd__xnor2_1)
     2    0.007791    0.150691    0.151993    2.217761 ^ _6_/Y (sky130_fd_sc_hd__xnor2_1)
                                                         _2_ (net)
                      0.150692    0.000170    2.217930 ^ _7_/B (sky130_fd_sc_hd__xnor2_1)
     1    0.009053    0.168472    0.113175    2.331106 ^ _7_/Y (sky130_fd_sc_hd__xnor2_1)
                                                         net5 (net)
                      0.168475    0.000521    2.331626 ^ output5/A (sky130_fd_sc_hd__buf_2)
     1    0.034106    0.127798    0.164194    2.495821 ^ output5/X (sky130_fd_sc_hd__buf_2)
                                                         sum_o (net)
                      0.127799    0.000658    2.496478 ^ sum_o (out)
                                              2.496478   data arrival time

                      0.000000   10.000000   10.000000   clock __VIRTUAL_CLK__ (rise edge)
                                  0.000000   10.000000   clock network delay (ideal)
                                 -0.250000    9.750000   clock uncertainty
                                  0.000000    9.750000   clock reconvergence pessimism
                                 -2.000000    7.750000   output external delay
                                              7.750000   data required time
---------------------------------------------------------------------------------------------
                                              7.750000   data required time
                                             -2.496478   data arrival time
---------------------------------------------------------------------------------------------
                                              5.253522   slack (MET)




===========================================================================
report_checks --slack_max -0.01
============================================================================
======================= nom_ff_n40C_1v95 Corner ===================================

No paths found.


===========================================================================
 report_check_types -max_slew -max_cap -max_fanout -violators
============================================================================
======================= nom_ff_n40C_1v95 Corner ===================================



===========================================================================
report_parasitic_annotation -report_unannotated
============================================================================
Found 0 unannotated drivers.
Found 0 partially unannotated drivers.

===========================================================================
max slew violation count 0
%OL_METRIC_I design__max_slew_violation__count__corner:nom_ff_n40C_1v95 0
max fanout violation count 0
%OL_METRIC_I design__max_fanout_violation__count__corner:nom_ff_n40C_1v95 0
max cap violation count 0
%OL_METRIC_I design__max_cap_violation__count__corner:nom_ff_n40C_1v95 0
============================================================================

===========================================================================
check_setup -verbose -unconstrained_endpoints -multiple_clock -no_clock -no_input_delay -loops -generated_clocks
===========================================================================
%OL_END_REPORT
%OL_CREATE_REPORT power.rpt

===========================================================================
 report_power
============================================================================
======================= nom_ff_n40C_1v95 Corner ===================================

Group                    Internal    Switching      Leakage        Total
                            Power        Power        Power        Power (Watts)
------------------------------------------------------------------------
Sequential           0.000000e+00 0.000000e+00 0.000000e+00 0.000000e+00   0.0%
Combinational        1.946035e-06 4.682510e-06 4.908153e-11 6.628594e-06 100.0%
Clock                0.000000e+00 0.000000e+00 5.665737e-10 5.665737e-10   0.0%
Macro                0.000000e+00 0.000000e+00 0.000000e+00 0.000000e+00   0.0%
Pad                  0.000000e+00 0.000000e+00 0.000000e+00 0.000000e+00   0.0%
------------------------------------------------------------------------
Total                1.946035e-06 4.682510e-06 6.156551e-10 6.629160e-06 100.0%
                            29.4%        70.6%         0.0%
%OL_METRIC_F power__internal__total 1.946034672073438e-6
%OL_METRIC_F power__switching__total 4.682509825215675e-6
%OL_METRIC_F power__leakage__total 6.15655082469857e-10
%OL_METRIC_F power__total 6.6291604525758885e-6

%OL_END_REPORT
%OL_CREATE_REPORT skew.min.rpt

===========================================================================
Clock Skew (Hold)
============================================================================
%OL_METRIC_F clock__skew__worst_hold__corner:nom_ff_n40C_1v95 0.0
======================= nom_ff_n40C_1v95 Corner ===================================

Clock __VIRTUAL_CLK__
No launch/capture paths found.

%OL_END_REPORT
%OL_CREATE_REPORT skew.max.rpt

===========================================================================
Clock Skew (Setup)
============================================================================
%OL_METRIC_F clock__skew__worst_setup__corner:nom_ff_n40C_1v95 0.0
======================= nom_ff_n40C_1v95 Corner ===================================

Clock __VIRTUAL_CLK__
No launch/capture paths found.

%OL_END_REPORT
%OL_CREATE_REPORT ws.min.rpt

===========================================================================
Worst Slack (Hold)
============================================================================
%OL_METRIC_F timing__hold__ws__corner:nom_ff_n40C_1v95 3.985567544360905
nom_ff_n40C_1v95: 3.985567544360905
%OL_END_REPORT
%OL_CREATE_REPORT ws.max.rpt

===========================================================================
Worst Slack (Setup)
============================================================================
%OL_METRIC_F timing__setup__ws__corner:nom_ff_n40C_1v95 5.253521766311591
nom_ff_n40C_1v95: 5.253521766311591
%OL_END_REPORT
%OL_CREATE_REPORT tns.min.rpt

===========================================================================
Total Negative Slack (Hold)
============================================================================
%OL_METRIC_F timing__hold__tns__corner:nom_ff_n40C_1v95 0.0
nom_ff_n40C_1v95: 0.0
%OL_END_REPORT
%OL_CREATE_REPORT tns.max.rpt

===========================================================================
Total Negative Slack (Setup)
============================================================================
%OL_METRIC_F timing__setup__tns__corner:nom_ff_n40C_1v95 0.0
nom_ff_n40C_1v95: 0.0
%OL_END_REPORT
%OL_CREATE_REPORT wns.min.rpt

===========================================================================
Worst Negative Slack (Hold)
============================================================================
%OL_METRIC_F timing__hold__wns__corner:nom_ff_n40C_1v95 0
nom_ff_n40C_1v95: 0
%OL_END_REPORT
%OL_CREATE_REPORT wns.max.rpt

===========================================================================
Worst Negative Slack (Setup)
============================================================================
%OL_METRIC_F timing__setup__wns__corner:nom_ff_n40C_1v95 0.0
nom_ff_n40C_1v95: 0.0
%OL_END_REPORT
%OL_CREATE_REPORT violator_list.rpt

===========================================================================
Violator List
============================================================================
%OL_METRIC_I timing__hold_vio__count__corner:nom_ff_n40C_1v95 0
%OL_METRIC_F timing__hold_r2r__ws__corner:nom_ff_n40C_1v95 inf
%OL_METRIC_I timing__hold_r2r_vio__count__corner:nom_ff_n40C_1v95 0
%OL_METRIC_I timing__setup_vio__count__corner:nom_ff_n40C_1v95 0
%OL_METRIC_F timing__setup_r2r__ws__corner:nom_ff_n40C_1v95 inf
%OL_METRIC_I timing__setup_r2r_vio__count__corner:nom_ff_n40C_1v95 0
%OL_END_REPORT
%OL_CREATE_REPORT unpropagated.rpt
__VIRTUAL_CLK__
%OL_END_REPORT
%OL_CREATE_REPORT clock.rpt
Clock: __VIRTUAL_CLK__
Sources: 
Generated: no
Virtual: yes
Propagated: no
Period: 10.000000

===========================================================================
report_clock_properties
============================================================================
Clock                   Period          Waveform
----------------------------------------------------
__VIRTUAL_CLK__      10.000000    0.000000  5.000000

===========================================================================
report_clock_latency
============================================================================
Clock __VIRTUAL_CLK__


===========================================================================
report_clock_min_period
============================================================================
__VIRTUAL_CLK__ period_min = 0.00 fmax = inf
%OL_END_REPORT
Writing SDF files for all corners…
Removing Clock latencies before writing libs…
Writing timing models for all corners…
Writing timing models for the nom_ff_n40C_1v95 corner to /workspace/test_full_adder/runs/RUN_2025-08-19_16-02-41/54-openroad-stapostpnr/nom_ff_n40C_1v95/FullAdder__nom_ff_n40C_1v95.lib…
