
===========================================================================
report_checks -path_delay max (Setup)
============================================================================
======================= nom_tt_025C_1v80 Corner ===================================

Startpoint: b_i (input port clocked by __VIRTUAL_CLK__)
Endpoint: sum_o (output port clocked by __VIRTUAL_CLK__)
Path Group: __VIRTUAL_CLK__
Path Type: max

Fanout         Cap        Slew       Delay        Time   Description
---------------------------------------------------------------------------------------------
                      0.000000    0.000000    0.000000   clock __VIRTUAL_CLK__ (rise edge)
                                  0.000000    0.000000   clock network delay (ideal)
                                  2.000000    2.000000 v input external delay
     2    0.012622    0.030573    0.020407    2.020407 v b_i (in)
                                                         b_i (net)
                      0.030573    0.000000    2.020407 v _6_/A (sky130_fd_sc_hd__xnor2_2)
     2    0.012201    0.080575    0.150903    2.171310 v _6_/Y (sky130_fd_sc_hd__xnor2_2)
                                                         _2_ (net)
                      0.080575    0.000000    2.171310 v _7_/B (sky130_fd_sc_hd__xnor2_2)
     1    0.033442    0.453164    0.377799    2.549109 ^ _7_/Y (sky130_fd_sc_hd__xnor2_2)
                                                         sum_o (net)
                      0.453164    0.000000    2.549109 ^ sum_o (out)
                                              2.549109   data arrival time

                      0.000000   10.000000   10.000000   clock __VIRTUAL_CLK__ (rise edge)
                                  0.000000   10.000000   clock network delay (ideal)
                                 -0.250000    9.750000   clock uncertainty
                                  0.000000    9.750000   clock reconvergence pessimism
                                 -2.000000    7.750000   output external delay
                                              7.750000   data required time
---------------------------------------------------------------------------------------------
                                              7.750000   data required time
                                             -2.549109   data arrival time
---------------------------------------------------------------------------------------------
                                              5.200891   slack (MET)


Startpoint: b_i (input port clocked by __VIRTUAL_CLK__)
Endpoint: cout_o (output port clocked by __VIRTUAL_CLK__)
Path Group: __VIRTUAL_CLK__
Path Type: max

Fanout         Cap        Slew       Delay        Time   Description
---------------------------------------------------------------------------------------------
                      0.000000    0.000000    0.000000   clock __VIRTUAL_CLK__ (rise edge)
                                  0.000000    0.000000   clock network delay (ideal)
                                  2.000000    2.000000 v input external delay
     2    0.012622    0.030573    0.020407    2.020407 v b_i (in)
                                                         b_i (net)
                      0.030573    0.000000    2.020407 v _6_/A (sky130_fd_sc_hd__xnor2_2)
     2    0.012201    0.080575    0.150903    2.171310 v _6_/Y (sky130_fd_sc_hd__xnor2_2)
                                                         _2_ (net)
                      0.080575    0.000000    2.171310 v _3_/A2 (sky130_fd_sc_hd__o21ai_2)
     1    0.033442    0.398535    0.342394    2.513704 ^ _3_/Y (sky130_fd_sc_hd__o21ai_2)
                                                         cout_o (net)
                      0.398535    0.000000    2.513704 ^ cout_o (out)
                                              2.513704   data arrival time

                      0.000000   10.000000   10.000000   clock __VIRTUAL_CLK__ (rise edge)
                                  0.000000   10.000000   clock network delay (ideal)
                                 -0.250000    9.750000   clock uncertainty
                                  0.000000    9.750000   clock reconvergence pessimism
                                 -2.000000    7.750000   output external delay
                                              7.750000   data required time
---------------------------------------------------------------------------------------------
                                              7.750000   data required time
                                             -2.513704   data arrival time
---------------------------------------------------------------------------------------------
                                              5.236296   slack (MET)



