
===========================================================================
report_checks -path_delay min (Hold)
============================================================================
======================= nom_tt_025C_1v80 Corner ===================================

Startpoint: b_i (input port clocked by __VIRTUAL_CLK__)
Endpoint: cout_o (output port clocked by __VIRTUAL_CLK__)
Path Group: __VIRTUAL_CLK__
Path Type: min

Fanout         Cap        Slew       Delay        Time   Description
---------------------------------------------------------------------------------------------
                      0.000000    0.000000    0.000000   clock __VIRTUAL_CLK__ (rise edge)
                                  0.000000    0.000000   clock network delay (ideal)
                                  2.000000    2.000000 v input external delay
     2    0.012622    0.030573    0.020407    2.020407 v b_i (in)
                                                         b_i (net)
                      0.030573    0.000000    2.020407 v _5_/A (sky130_fd_sc_hd__nand2_2)
     1    0.004522    0.036349    0.047279    2.067687 ^ _5_/Y (sky130_fd_sc_hd__nand2_2)
                                                         _1_ (net)
                      0.036349    0.000000    2.067687 ^ _3_/B1 (sky130_fd_sc_hd__o21ai_2)
     1    0.033442    0.136479    0.123241    2.190928 v _3_/Y (sky130_fd_sc_hd__o21ai_2)
                                                         cout_o (net)
                      0.136479    0.000000    2.190928 v cout_o (out)
                                              2.190928   data arrival time

                      0.000000    0.000000    0.000000   clock __VIRTUAL_CLK__ (rise edge)
                                  0.000000    0.000000   clock network delay (ideal)
                                  0.250000    0.250000   clock uncertainty
                                  0.000000    0.250000   clock reconvergence pessimism
                                 -2.000000   -1.750000   output external delay
                                             -1.750000   data required time
---------------------------------------------------------------------------------------------
                                             -1.750000   data required time
                                             -2.190928   data arrival time
---------------------------------------------------------------------------------------------
                                              3.940928   slack (MET)


Startpoint: cin_i (input port clocked by __VIRTUAL_CLK__)
Endpoint: sum_o (output port clocked by __VIRTUAL_CLK__)
Path Group: __VIRTUAL_CLK__
Path Type: min

Fanout         Cap        Slew       Delay        Time   Description
---------------------------------------------------------------------------------------------
                      0.000000    0.000000    0.000000   clock __VIRTUAL_CLK__ (rise edge)
                                  0.000000    0.000000   clock network delay (ideal)
                                  2.000000    2.000000 ^ input external delay
     2    0.013682    0.069159    0.045768    2.045768 ^ cin_i (in)
                                                         cin_i (net)
                      0.069159    0.000000    2.045768 ^ _7_/A (sky130_fd_sc_hd__xnor2_2)
     1    0.033442    0.155190    0.162622    2.208390 v _7_/Y (sky130_fd_sc_hd__xnor2_2)
                                                         sum_o (net)
                      0.155190    0.000000    2.208390 v sum_o (out)
                                              2.208390   data arrival time

                      0.000000    0.000000    0.000000   clock __VIRTUAL_CLK__ (rise edge)
                                  0.000000    0.000000   clock network delay (ideal)
                                  0.250000    0.250000   clock uncertainty
                                  0.000000    0.250000   clock reconvergence pessimism
                                 -2.000000   -1.750000   output external delay
                                             -1.750000   data required time
---------------------------------------------------------------------------------------------
                                             -1.750000   data required time
                                             -2.208390   data arrival time
---------------------------------------------------------------------------------------------
                                              3.958390   slack (MET)



