[WARNING ORD-0039] .openroad ignored with -python
                                Cells by Master                                 
┏━━━━━━━━━━━━━━━━━━━━━━━━━━━━━━━━━━━━━━━━━━━━━━━━━━━━━━━━━━━━━━━━┳━━━━━━━━━━━━━┓
┃ Cell                                                           ┃ Count       ┃
┡━━━━━━━━━━━━━━━━━━━━━━━━━━━━━━━━━━━━━━━━━━━━━━━━━━━━━━━━━━━━━━━━╇━━━━━━━━━━━━━┩
│ sky130_ef_sc_hd__decap_12                                      │ 372         │
│ sky130_fd_sc_hd__buf_1                                         │ 3           │
│ sky130_fd_sc_hd__buf_2                                         │ 2           │
│ sky130_fd_sc_hd__decap_3                                       │ 67          │
│ sky130_fd_sc_hd__decap_4                                       │ 15          │
│ sky130_fd_sc_hd__decap_6                                       │ 50          │
│ sky130_fd_sc_hd__decap_8                                       │ 17          │
│ sky130_fd_sc_hd__fill_1                                        │ 110         │
│ sky130_fd_sc_hd__fill_2                                        │ 1           │
│ sky130_fd_sc_hd__inv_2                                         │ 1           │
│ sky130_fd_sc_hd__nand2_1                                       │ 1           │
│ sky130_fd_sc_hd__o21ai_1                                       │ 1           │
│ sky130_fd_sc_hd__tapvpwrvgnd_1                                 │ 90          │
│ sky130_fd_sc_hd__xnor2_1                                       │ 2           │
└────────────────────────────────────────────────────────────────┴─────────────┘
                               Cells by Function                                
┏━━━━━━━━━━━━━━━━━━━━━━━━━━━━━━━━━━━━━━━━━━━━━━━━━━━━━━━━━━━━━━━┳━━━━━━━━━━━━━━┓
┃ Cell Function                                                 ┃ Count        ┃
┡━━━━━━━━━━━━━━━━━━━━━━━━━━━━━━━━━━━━━━━━━━━━━━━━━━━━━━━━━━━━━━━╇━━━━━━━━━━━━━━┩
│ sky130_ef_sc_hd__decap                                        │ 372          │
│ sky130_fd_sc_hd__buf                                          │ 5            │
│ sky130_fd_sc_hd__decap                                        │ 149          │
│ sky130_fd_sc_hd__fill                                         │ 111          │
│ sky130_fd_sc_hd__inv                                          │ 1            │
│ sky130_fd_sc_hd__nand2                                        │ 1            │
│ sky130_fd_sc_hd__o21ai                                        │ 1            │
│ sky130_fd_sc_hd__tapvpwrvgnd                                  │ 90           │
│ sky130_fd_sc_hd__xnor2                                        │ 2            │
└───────────────────────────────────────────────────────────────┴──────────────┘
                                  Cells by SCL                                  
┏━━━━━━━━━━━━━━━━━━━━━━━━━━━━━━━━━━━━━━━━━━━━━━━━━━━━━━━┳━━━━━━━━━━━━━━━━━━━━━━┓
┃ SCL                                                   ┃ Count                ┃
┡━━━━━━━━━━━━━━━━━━━━━━━━━━━━━━━━━━━━━━━━━━━━━━━━━━━━━━━╇━━━━━━━━━━━━━━━━━━━━━━┩
│ sky130_ef_sc_hd                                       │ 372                  │
│ sky130_fd_sc_hd                                       │ 360                  │
└───────────────────────────────────────────────────────┴──────────────────────┘
                             Buffers by Cell Master                             
┏━━━━━━━━━━━━━━━━━━━━━━━━━━━━━━━━━━━━━━━━━━━━━━━━━━━━━━━━━━━━┳━━━━━━━━━━━━━━━━━┓
┃ Buffer                                                     ┃ Count           ┃
┡━━━━━━━━━━━━━━━━━━━━━━━━━━━━━━━━━━━━━━━━━━━━━━━━━━━━━━━━━━━━╇━━━━━━━━━━━━━━━━━┩
│ sky130_fd_sc_hd__buf_1                                     │ 3               │
│ sky130_fd_sc_hd__buf_2                                     │ 2               │
└────────────────────────────────────────────────────────────┴─────────────────┘
