Reading OpenROAD database at '/workspace/test_full_adder/runs/RUN_2025-08-19_16-02-41/24-openroad-ioplacement/FullAdder.odb'…
Reading library file at '/nc/apps/pdk/ciel/sky130/versions/0fe599b2afb6708d281543108caf8310912f54af/sky130A/libs.ref/sky130_fd_sc_hd/lib/sky130_fd_sc_hd__tt_025C_1v80.lib'…
Reading design constraints file at '/nix/store/zs0jjs1cnaljzhp3rwp8bw7z27hk44md-python3-3.11.9-env/lib/python3.11/site-packages/librelane/scripts/base.sdc'…
[WARNING STA-0366] port '__VIRTUAL_CLK__' not found.
[INFO] Using clock __VIRTUAL_CLK__…
[INFO] Setting output delay to: 2
[INFO] Setting input delay to: 2
[WARNING STA-0366] port '__VIRTUAL_CLK__' not found.
[INFO] Setting load to: 0.033442
[INFO] Setting clock uncertainty to: 0.25
[INFO] Setting clock transition to: 0.1499999999999999944488848768742172978818416595458984375
[WARNING STA-0419] transition time can not be specified for virtual clocks.
[INFO] Setting timing derate to: 5%
[WARNING STA-0450] virtual clock __VIRTUAL_CLK__ can not be propagated.
[INFO] Setting RC values…
[INFO] Setting signal min routing layer to: met1 and clock min routing layer to met1. 
[INFO] Setting signal max routing layer to: met5 and clock max routing layer to met5. 
+ global_placement -density 0.6 -timing_driven -routability_driven -pad_right 0 -pad_left 0 -init_wirelength_coef 0.25
[INFO GPL-0002] DBU: 1000
[INFO GPL-0003] SiteSize: (  0.460  2.720 ) um
[INFO GPL-0004] CoreBBox: (  5.520 10.880 ) ( 94.300 87.040 ) um
[INFO GPL-0006] NumInstances:               151
[INFO GPL-0007] NumPlaceInstances:            5
[INFO GPL-0008] NumFixedInstances:          146
[INFO GPL-0009] NumDummyInstances:            0
[INFO GPL-0010] NumNets:                      8
[INFO GPL-0011] NumPins:                     20
[INFO GPL-0012] DieBBox:  (  0.000  0.000 ) ( 100.000 100.000 ) um
[INFO GPL-0013] CoreBBox: (  5.520 10.880 ) ( 94.300 87.040 ) um
[INFO GPL-0016] CoreArea:              6761.485 um^2
[INFO GPL-0017] NonPlaceInstsArea:      322.810 um^2
[INFO GPL-0018] PlaceInstsArea:          51.299 um^2
[INFO GPL-0019] Util:                     0.797 %
[INFO GPL-0020] StdInstsArea:            51.299 um^2
[INFO GPL-0021] MacroInstsArea:           0.000 um^2
[InitialPlace]  Iter: 1 CG residual: 0.00000000 HPWL: 305573
[InitialPlace]  Iter: 2 CG residual: 0.00000000 HPWL: 279400
[InitialPlace]  Iter: 3 CG residual: 0.00000005 HPWL: 248651
[InitialPlace]  Iter: 4 CG residual: 0.00000001 HPWL: 206564
[InitialPlace]  Iter: 5 CG residual: 0.00000001 HPWL: 178685
[INFO GPL-0031] FillerInit:NumGCells:       440
[INFO GPL-0032] FillerInit:NumGNets:          8
[INFO GPL-0033] FillerInit:NumGPins:         20
[INFO GPL-0023] TargetDensity:            0.600
[INFO GPL-0024] AvrgPlaceInstArea:       10.260 um^2
[INFO GPL-0025] IdealBinArea:            17.100 um^2
[INFO GPL-0026] IdealBinCnt:                395
[INFO GPL-0027] TotalBinArea:          6761.485 um^2
[INFO GPL-0028] BinCnt:        16     16
[INFO GPL-0029] BinSize: (  5.549  4.760 )
[INFO GPL-0030] NumBins: 256
[NesterovSolve] Iter:    1 overflow: 0.147 HPWL: 144848
[INFO GPL-0100] Timing-driven: executing resizer for reweighting nets.
[INFO GPL-0101] Timing-driven: worst slack 5.24e-09
[INFO GPL-0103] Timing-driven: weighted 0 nets.
[NesterovSolve] Snapshot saved at iter = 0
[INFO GPL-0075] Routability numCall: 1 inflationIterCnt: 1 bloatIterCnt: 0
[INFO GPL-0036] TileBBox: (    0    0 ) ( 6900 6900 ) DBU
[INFO GPL-0038] TileCnt:      14   14
[INFO GPL-0040] NumTiles: 196
[INFO GPL-0081] TotalRouteOverflow: 0
[INFO GPL-0082] OverflowTileCnt: 0
[INFO GPL-0083] 0.5%RC: 0.534929096698761
[INFO GPL-0084] 1.0%RC: 0.5221815407276154
[INFO GPL-0085] 2.0%RC: 0.5127475932240486
[INFO GPL-0086] 5.0%RC: 0.49279832243919375
[INFO GPL-0087] FinalRC: 0.52855533
[INFO GPL-0077] FinalRC lower than targetRC(1.01), routability not needed.
[INFO GPL-0100] Timing-driven: executing resizer for reweighting nets.
[INFO GPL-0101] Timing-driven: worst slack 5.24e-09
[INFO GPL-0103] Timing-driven: weighted 0 nets.
[NesterovSolve] Iter:   10 overflow: 0.157 HPWL: 145052
[NesterovSolve] Iter:   20 overflow: 0.156 HPWL: 145038
[NesterovSolve] Iter:   30 overflow: 0.156 HPWL: 145048
[NesterovSolve] Iter:   40 overflow: 0.156 HPWL: 145041
[NesterovSolve] Iter:   50 overflow: 0.156 HPWL: 145045
[NesterovSolve] Iter:   60 overflow: 0.156 HPWL: 145053
[NesterovSolve] Iter:   70 overflow: 0.156 HPWL: 145057
[NesterovSolve] Iter:   80 overflow: 0.156 HPWL: 145062
[NesterovSolve] Iter:   90 overflow: 0.156 HPWL: 145075
[NesterovSolve] Iter:  100 overflow: 0.156 HPWL: 145091
[NesterovSolve] Iter:  110 overflow: 0.156 HPWL: 145114
[NesterovSolve] Iter:  120 overflow: 0.156 HPWL: 145152
[NesterovSolve] Iter:  130 overflow: 0.156 HPWL: 145205
[NesterovSolve] Iter:  140 overflow: 0.156 HPWL: 145288
[NesterovSolve] Iter:  150 overflow: 0.156 HPWL: 145398
[NesterovSolve] Iter:  160 overflow: 0.155 HPWL: 145564
[NesterovSolve] Iter:  170 overflow: 0.155 HPWL: 145779
[NesterovSolve] Iter:  180 overflow: 0.155 HPWL: 146052
[NesterovSolve] Iter:  190 overflow: 0.154 HPWL: 146380
[NesterovSolve] Iter:  200 overflow: 0.153 HPWL: 146753
[NesterovSolve] Iter:  210 overflow: 0.152 HPWL: 146900
[NesterovSolve] Iter:  220 overflow: 0.154 HPWL: 146612
[NesterovSolve] Iter:  230 overflow: 0.155 HPWL: 146068
[NesterovSolve] Iter:  240 overflow: 0.154 HPWL: 146352
[NesterovSolve] Iter:  250 overflow: 0.153 HPWL: 146812
[NesterovSolve] Iter:  260 overflow: 0.154 HPWL: 146179
[NesterovSolve] Iter:  270 overflow: 0.154 HPWL: 146509
[NesterovSolve] Iter:  280 overflow: 0.154 HPWL: 146200
[NesterovSolve] Iter:  290 overflow: 0.154 HPWL: 146217
[NesterovSolve] Iter:  300 overflow: 0.153 HPWL: 146101
[NesterovSolve] Iter:  310 overflow: 0.153 HPWL: 145983
[NesterovSolve] Iter:  320 overflow: 0.152 HPWL: 146117
[NesterovSolve] Iter:  330 overflow: 0.151 HPWL: 146277
[NesterovSolve] Iter:  340 overflow: 0.148 HPWL: 146389
[NesterovSolve] Iter:  350 overflow: 0.143 HPWL: 146318
[NesterovSolve] Iter:  360 overflow: 0.143 HPWL: 146647
[NesterovSolve] Iter:  370 overflow: 0.139 HPWL: 146822
[NesterovSolve] Iter:  380 overflow: 0.124 HPWL: 146799
[NesterovSolve] Iter:  390 overflow: 0.117 HPWL: 147022
[NesterovSolve] Iter:  400 overflow: 0.120 HPWL: 146872
[NesterovSolve] Finished with Overflow: 0.095458
[INFO] Setting RC values…
Setting global connections for newly added cells…
[INFO] Setting global connections...
Updating metrics…
Cell type report:                       Count       Area
  Fill cell                                56     210.20
  Tap cell                                 90     112.61
  Inverter                                  1       3.75
  Multi-Input combinational cell            4      47.55
  Total                                   151     374.11
Writing OpenROAD database to '/workspace/test_full_adder/runs/RUN_2025-08-19_16-02-41/27-openroad-globalplacement/FullAdder.odb'…
Writing netlist to '/workspace/test_full_adder/runs/RUN_2025-08-19_16-02-41/27-openroad-globalplacement/FullAdder.nl.v'…
Writing powered netlist to '/workspace/test_full_adder/runs/RUN_2025-08-19_16-02-41/27-openroad-globalplacement/FullAdder.pnl.v'…
Writing layout to '/workspace/test_full_adder/runs/RUN_2025-08-19_16-02-41/27-openroad-globalplacement/FullAdder.def'…
Writing timing constraints to '/workspace/test_full_adder/runs/RUN_2025-08-19_16-02-41/27-openroad-globalplacement/FullAdder.sdc'…
