
===========================================================================
report_checks -path_delay max (Setup)
============================================================================
======================= nom_tt_025C_1v80 Corner ===================================

Startpoint: b_i (input port clocked by __VIRTUAL_CLK__)
Endpoint: sum_o (output port clocked by __VIRTUAL_CLK__)
Path Group: __VIRTUAL_CLK__
Path Type: max

Fanout         Cap        Slew       Delay        Time   Description
---------------------------------------------------------------------------------------------
                      0.000000    0.000000    0.000000   clock __VIRTUAL_CLK__ (rise edge)
                                  0.000000    0.000000   clock network delay (ideal)
                                  2.000000    2.000000 v input external delay
     2    0.013968    0.033021    0.022583    2.022583 v b_i (in)
                                                         b_i (net)
                      0.033021    0.000000    2.022583 v _6_/A (sky130_fd_sc_hd__xnor2_2)
     2    0.012560    0.082002    0.153066    2.175649 v _6_/Y (sky130_fd_sc_hd__xnor2_2)
                                                         _2_ (net)
                      0.082002    0.000010    2.175659 v _7_/B (sky130_fd_sc_hd__xnor2_2)
     1    0.039494    0.511467    0.427846    2.603505 ^ _7_/Y (sky130_fd_sc_hd__xnor2_2)
                                                         sum_o (net)
                      0.511471    0.001149    2.604654 ^ sum_o (out)
                                              2.604654   data arrival time

                      0.000000   10.000000   10.000000   clock __VIRTUAL_CLK__ (rise edge)
                                  0.000000   10.000000   clock network delay (ideal)
                                 -0.250000    9.750000   clock uncertainty
                                  0.000000    9.750000   clock reconvergence pessimism
                                 -2.000000    7.750000   output external delay
                                              7.750000   data required time
---------------------------------------------------------------------------------------------
                                              7.750000   data required time
                                             -2.604654   data arrival time
---------------------------------------------------------------------------------------------
                                              5.145346   slack (MET)


Startpoint: b_i (input port clocked by __VIRTUAL_CLK__)
Endpoint: cout_o (output port clocked by __VIRTUAL_CLK__)
Path Group: __VIRTUAL_CLK__
Path Type: max

Fanout         Cap        Slew       Delay        Time   Description
---------------------------------------------------------------------------------------------
                      0.000000    0.000000    0.000000   clock __VIRTUAL_CLK__ (rise edge)
                                  0.000000    0.000000   clock network delay (ideal)
                                  2.000000    2.000000 v input external delay
     2    0.013968    0.033021    0.022583    2.022583 v b_i (in)
                                                         b_i (net)
                      0.033021    0.000000    2.022583 v _6_/A (sky130_fd_sc_hd__xnor2_2)
     2    0.012560    0.082002    0.153066    2.175649 v _6_/Y (sky130_fd_sc_hd__xnor2_2)
                                                         _2_ (net)
                      0.082002    0.000006    2.175655 v _3_/A2 (sky130_fd_sc_hd__o21ai_2)
     1    0.034461    0.399853    0.350347    2.526002 ^ _3_/Y (sky130_fd_sc_hd__o21ai_2)
                                                         cout_o (net)
                      0.399853    0.000234    2.526236 ^ cout_o (out)
                                              2.526236   data arrival time

                      0.000000   10.000000   10.000000   clock __VIRTUAL_CLK__ (rise edge)
                                  0.000000   10.000000   clock network delay (ideal)
                                 -0.250000    9.750000   clock uncertainty
                                  0.000000    9.750000   clock reconvergence pessimism
                                 -2.000000    7.750000   output external delay
                                              7.750000   data required time
---------------------------------------------------------------------------------------------
                                              7.750000   data required time
                                             -2.526236   data arrival time
---------------------------------------------------------------------------------------------
                                              5.223764   slack (MET)



