
===========================================================================
report_checks -path_delay min (Hold)
============================================================================
======================= min_tt_025C_1v80 Corner ===================================

Startpoint: b_i (input port clocked by __VIRTUAL_CLK__)
Endpoint: cout_o (output port clocked by __VIRTUAL_CLK__)
Path Group: __VIRTUAL_CLK__
Path Type: min

Fanout         Cap        Slew       Delay        Time   Description
---------------------------------------------------------------------------------------------
                      0.000000    0.000000    0.000000   clock __VIRTUAL_CLK__ (rise edge)
                                  0.000000    0.000000   clock network delay (ideal)
                                  2.000000    2.000000 v input external delay
     1    0.002895    0.008851    0.004582    2.004582 v b_i (in)
                                                         b_i (net)
                      0.008851    0.000000    2.004582 v input2/A (sky130_fd_sc_hd__buf_1)
     2    0.007821    0.052617    0.095749    2.100331 v input2/X (sky130_fd_sc_hd__buf_1)
                                                         net2 (net)
                      0.052617    0.000063    2.100394 v _5_/A (sky130_fd_sc_hd__nand2_1)
     1    0.002194    0.034302    0.053025    2.153419 ^ _5_/Y (sky130_fd_sc_hd__nand2_1)
                                                         _1_ (net)
                      0.034302    0.000009    2.153428 ^ _3_/B1 (sky130_fd_sc_hd__o21ai_1)
     1    0.002055    0.031270    0.047305    2.200732 v _3_/Y (sky130_fd_sc_hd__o21ai_1)
                                                         net4 (net)
                      0.031270    0.000018    2.200751 v output4/A (sky130_fd_sc_hd__buf_2)
     1    0.034253    0.089438    0.174408    2.375159 v output4/X (sky130_fd_sc_hd__buf_2)
                                                         cout_o (net)
                      0.089439    0.000345    2.375503 v cout_o (out)
                                              2.375503   data arrival time

                      0.000000    0.000000    0.000000   clock __VIRTUAL_CLK__ (rise edge)
                                  0.000000    0.000000   clock network delay (ideal)
                                  0.250000    0.250000   clock uncertainty
                                  0.000000    0.250000   clock reconvergence pessimism
                                 -2.000000   -1.750000   output external delay
                                             -1.750000   data required time
---------------------------------------------------------------------------------------------
                                             -1.750000   data required time
                                             -2.375503   data arrival time
---------------------------------------------------------------------------------------------
                                              4.125504   slack (MET)


Startpoint: cin_i (input port clocked by __VIRTUAL_CLK__)
Endpoint: sum_o (output port clocked by __VIRTUAL_CLK__)
Path Group: __VIRTUAL_CLK__
Path Type: min

Fanout         Cap        Slew       Delay        Time   Description
---------------------------------------------------------------------------------------------
                      0.000000    0.000000    0.000000   clock __VIRTUAL_CLK__ (rise edge)
                                  0.000000    0.000000   clock network delay (ideal)
                                  2.000000    2.000000 ^ input external delay
     1    0.002977    0.020495    0.010924    2.010924 ^ cin_i (in)
                                                         cin_i (net)
                      0.020495    0.000000    2.010924 ^ input3/A (sky130_fd_sc_hd__buf_1)
     2    0.010681    0.132352    0.134613    2.145536 ^ input3/X (sky130_fd_sc_hd__buf_1)
                                                         net3 (net)
                      0.132352    0.000109    2.145646 ^ _7_/A (sky130_fd_sc_hd__xnor2_1)
     1    0.008324    0.072798    0.119612    2.265258 v _7_/Y (sky130_fd_sc_hd__xnor2_1)
                                                         net5 (net)
                      0.072798    0.000311    2.265568 v output5/A (sky130_fd_sc_hd__buf_2)
     1    0.034060    0.088821    0.192528    2.458096 v output5/X (sky130_fd_sc_hd__buf_2)
                                                         sum_o (net)
                      0.088821    0.000202    2.458298 v sum_o (out)
                                              2.458298   data arrival time

                      0.000000    0.000000    0.000000   clock __VIRTUAL_CLK__ (rise edge)
                                  0.000000    0.000000   clock network delay (ideal)
                                  0.250000    0.250000   clock uncertainty
                                  0.000000    0.250000   clock reconvergence pessimism
                                 -2.000000   -1.750000   output external delay
                                             -1.750000   data required time
---------------------------------------------------------------------------------------------
                                             -1.750000   data required time
                                             -2.458298   data arrival time
---------------------------------------------------------------------------------------------
                                              4.208298   slack (MET)



