Reading timing models for corner min_tt_025C_1v80…
Reading cell library for the 'min_tt_025C_1v80' corner at '/nc/apps/pdk/ciel/sky130/versions/0fe599b2afb6708d281543108caf8310912f54af/sky130A/libs.ref/sky130_fd_sc_hd/lib/sky130_fd_sc_hd__tt_025C_1v80.lib'…
Reading top-level netlist at '/workspace/test_full_adder/runs/RUN_2025-08-19_16-02-41/51-openroad-fillinsertion/FullAdder.nl.v'…
Linking design 'FullAdder' from netlist…
Warning: /workspace/test_full_adder/runs/RUN_2025-08-19_16-02-41/51-openroad-fillinsertion/FullAdder.nl.v line 92, module sky130_fd_sc_hd__tapvpwrvgnd_1 not found. Creating black box for TAP_TAPCELL_ROW_0_56.
Warning: /workspace/test_full_adder/runs/RUN_2025-08-19_16-02-41/51-openroad-fillinsertion/FullAdder.nl.v line 192, module sky130_ef_sc_hd__decap_12 not found. Creating black box for FILLER_0_3.
Warning: /workspace/test_full_adder/runs/RUN_2025-08-19_16-02-41/51-openroad-fillinsertion/FullAdder.nl.v line 194, module sky130_fd_sc_hd__fill_1 not found. Creating black box for FILLER_0_27.
Warning: /workspace/test_full_adder/runs/RUN_2025-08-19_16-02-41/51-openroad-fillinsertion/FullAdder.nl.v line 201, module sky130_fd_sc_hd__fill_2 not found. Creating black box for FILLER_0_85.
Reading design constraints file at '/nix/store/zs0jjs1cnaljzhp3rwp8bw7z27hk44md-python3-3.11.9-env/lib/python3.11/site-packages/librelane/scripts/base.sdc'…
Warning: base.sdc line 15, port '__VIRTUAL_CLK__' not found.
[INFO] Using clock __VIRTUAL_CLK__…
[INFO] Setting output delay to: 2
[INFO] Setting input delay to: 2
Warning: base.sdc line 32, port '__VIRTUAL_CLK__' not found.
[INFO] Setting load to: 0.033442
[INFO] Setting clock uncertainty to: 0.25
[INFO] Setting clock transition to: 0.1499999999999999944488848768742172978818416595458984375
Warning: base.sdc line 69, transition time can not be specified for virtual clocks.
[INFO] Setting timing derate to: 5%
Warning: base.sdc line 79, virtual clock __VIRTUAL_CLK__ can not be propagated.
Reading top-level design parasitics for the 'min_tt_025C_1v80' corner at '/workspace/test_full_adder/runs/RUN_2025-08-19_16-02-41/53-openroad-rcx/min/FullAdder.min.spef'…
%OL_CREATE_REPORT min.rpt

===========================================================================
report_checks -path_delay min (Hold)
============================================================================
======================= min_tt_025C_1v80 Corner ===================================

Startpoint: b_i (input port clocked by __VIRTUAL_CLK__)
Endpoint: cout_o (output port clocked by __VIRTUAL_CLK__)
Path Group: __VIRTUAL_CLK__
Path Type: min

Fanout         Cap        Slew       Delay        Time   Description
---------------------------------------------------------------------------------------------
                      0.000000    0.000000    0.000000   clock __VIRTUAL_CLK__ (rise edge)
                                  0.000000    0.000000   clock network delay (ideal)
                                  2.000000    2.000000 v input external delay
     1    0.002895    0.008851    0.004582    2.004582 v b_i (in)
                                                         b_i (net)
                      0.008851    0.000000    2.004582 v input2/A (sky130_fd_sc_hd__buf_1)
     2    0.007821    0.052617    0.095749    2.100331 v input2/X (sky130_fd_sc_hd__buf_1)
                                                         net2 (net)
                      0.052617    0.000063    2.100394 v _5_/A (sky130_fd_sc_hd__nand2_1)
     1    0.002194    0.034302    0.053025    2.153419 ^ _5_/Y (sky130_fd_sc_hd__nand2_1)
                                                         _1_ (net)
                      0.034302    0.000009    2.153428 ^ _3_/B1 (sky130_fd_sc_hd__o21ai_1)
     1    0.002055    0.031270    0.047305    2.200732 v _3_/Y (sky130_fd_sc_hd__o21ai_1)
                                                         net4 (net)
                      0.031270    0.000018    2.200751 v output4/A (sky130_fd_sc_hd__buf_2)
     1    0.034253    0.089438    0.174408    2.375159 v output4/X (sky130_fd_sc_hd__buf_2)
                                                         cout_o (net)
                      0.089439    0.000345    2.375503 v cout_o (out)
                                              2.375503   data arrival time

                      0.000000    0.000000    0.000000   clock __VIRTUAL_CLK__ (rise edge)
                                  0.000000    0.000000   clock network delay (ideal)
                                  0.250000    0.250000   clock uncertainty
                                  0.000000    0.250000   clock reconvergence pessimism
                                 -2.000000   -1.750000   output external delay
                                             -1.750000   data required time
---------------------------------------------------------------------------------------------
                                             -1.750000   data required time
                                             -2.375503   data arrival time
---------------------------------------------------------------------------------------------
                                              4.125504   slack (MET)


Startpoint: cin_i (input port clocked by __VIRTUAL_CLK__)
Endpoint: sum_o (output port clocked by __VIRTUAL_CLK__)
Path Group: __VIRTUAL_CLK__
Path Type: min

Fanout         Cap        Slew       Delay        Time   Description
---------------------------------------------------------------------------------------------
                      0.000000    0.000000    0.000000   clock __VIRTUAL_CLK__ (rise edge)
                                  0.000000    0.000000   clock network delay (ideal)
                                  2.000000    2.000000 ^ input external delay
     1    0.002977    0.020495    0.010924    2.010924 ^ cin_i (in)
                                                         cin_i (net)
                      0.020495    0.000000    2.010924 ^ input3/A (sky130_fd_sc_hd__buf_1)
     2    0.010681    0.132352    0.134613    2.145536 ^ input3/X (sky130_fd_sc_hd__buf_1)
                                                         net3 (net)
                      0.132352    0.000109    2.145646 ^ _7_/A (sky130_fd_sc_hd__xnor2_1)
     1    0.008324    0.072798    0.119612    2.265258 v _7_/Y (sky130_fd_sc_hd__xnor2_1)
                                                         net5 (net)
                      0.072798    0.000311    2.265568 v output5/A (sky130_fd_sc_hd__buf_2)
     1    0.034060    0.088821    0.192528    2.458096 v output5/X (sky130_fd_sc_hd__buf_2)
                                                         sum_o (net)
                      0.088821    0.000202    2.458298 v sum_o (out)
                                              2.458298   data arrival time

                      0.000000    0.000000    0.000000   clock __VIRTUAL_CLK__ (rise edge)
                                  0.000000    0.000000   clock network delay (ideal)
                                  0.250000    0.250000   clock uncertainty
                                  0.000000    0.250000   clock reconvergence pessimism
                                 -2.000000   -1.750000   output external delay
                                             -1.750000   data required time
---------------------------------------------------------------------------------------------
                                             -1.750000   data required time
                                             -2.458298   data arrival time
---------------------------------------------------------------------------------------------
                                              4.208298   slack (MET)



%OL_END_REPORT
%OL_CREATE_REPORT max.rpt

===========================================================================
report_checks -path_delay max (Setup)
============================================================================
======================= min_tt_025C_1v80 Corner ===================================

Startpoint: b_i (input port clocked by __VIRTUAL_CLK__)
Endpoint: sum_o (output port clocked by __VIRTUAL_CLK__)
Path Group: __VIRTUAL_CLK__
Path Type: max

Fanout         Cap        Slew       Delay        Time   Description
---------------------------------------------------------------------------------------------
                      0.000000    0.000000    0.000000   clock __VIRTUAL_CLK__ (rise edge)
                                  0.000000    0.000000   clock network delay (ideal)
                                  2.000000    2.000000 v input external delay
     1    0.002895    0.008851    0.004582    2.004582 v b_i (in)
                                                         b_i (net)
                      0.008851    0.000000    2.004582 v input2/A (sky130_fd_sc_hd__buf_1)
     2    0.007821    0.052617    0.095749    2.100331 v input2/X (sky130_fd_sc_hd__buf_1)
                                                         net2 (net)
                      0.052617    0.000088    2.100420 v _6_/A (sky130_fd_sc_hd__xnor2_1)
     2    0.007736    0.218642    0.222110    2.322530 ^ _6_/Y (sky130_fd_sc_hd__xnor2_1)
                                                         _2_ (net)
                      0.218642    0.000047    2.322577 ^ _7_/B (sky130_fd_sc_hd__xnor2_1)
     1    0.008484    0.225920    0.188398    2.510975 ^ _7_/Y (sky130_fd_sc_hd__xnor2_1)
                                                         net5 (net)
                      0.225920    0.000320    2.511295 ^ output5/A (sky130_fd_sc_hd__buf_2)
     1    0.034060    0.169675    0.254243    2.765538 ^ output5/X (sky130_fd_sc_hd__buf_2)
                                                         sum_o (net)
                      0.169675    0.000202    2.765740 ^ sum_o (out)
                                              2.765740   data arrival time

                      0.000000   10.000000   10.000000   clock __VIRTUAL_CLK__ (rise edge)
                                  0.000000   10.000000   clock network delay (ideal)
                                 -0.250000    9.750000   clock uncertainty
                                  0.000000    9.750000   clock reconvergence pessimism
                                 -2.000000    7.750000   output external delay
                                              7.750000   data required time
---------------------------------------------------------------------------------------------
                                              7.750000   data required time
                                             -2.765740   data arrival time
---------------------------------------------------------------------------------------------
                                              4.984260   slack (MET)


Startpoint: b_i (input port clocked by __VIRTUAL_CLK__)
Endpoint: cout_o (output port clocked by __VIRTUAL_CLK__)
Path Group: __VIRTUAL_CLK__
Path Type: max

Fanout         Cap        Slew       Delay        Time   Description
---------------------------------------------------------------------------------------------
                      0.000000    0.000000    0.000000   clock __VIRTUAL_CLK__ (rise edge)
                                  0.000000    0.000000   clock network delay (ideal)
                                  2.000000    2.000000 v input external delay
     1    0.002895    0.008851    0.004582    2.004582 v b_i (in)
                                                         b_i (net)
                      0.008851    0.000000    2.004582 v input2/A (sky130_fd_sc_hd__buf_1)
     2    0.007821    0.052617    0.095749    2.100331 v input2/X (sky130_fd_sc_hd__buf_1)
                                                         net2 (net)
                      0.052617    0.000088    2.100420 v _6_/A (sky130_fd_sc_hd__xnor2_1)
     2    0.007736    0.218642    0.222110    2.322530 ^ _6_/Y (sky130_fd_sc_hd__xnor2_1)
                                                         _2_ (net)
                      0.218642    0.000021    2.322551 ^ _3_/A2 (sky130_fd_sc_hd__o21ai_1)
     1    0.002055    0.046305    0.077454    2.400004 v _3_/Y (sky130_fd_sc_hd__o21ai_1)
                                                         net4 (net)
                      0.046305    0.000018    2.400023 v output4/A (sky130_fd_sc_hd__buf_2)
     1    0.034253    0.089331    0.180885    2.580908 v output4/X (sky130_fd_sc_hd__buf_2)
                                                         cout_o (net)
                      0.089331    0.000345    2.581252 v cout_o (out)
                                              2.581252   data arrival time

                      0.000000   10.000000   10.000000   clock __VIRTUAL_CLK__ (rise edge)
                                  0.000000   10.000000   clock network delay (ideal)
                                 -0.250000    9.750000   clock uncertainty
                                  0.000000    9.750000   clock reconvergence pessimism
                                 -2.000000    7.750000   output external delay
                                              7.750000   data required time
---------------------------------------------------------------------------------------------
                                              7.750000   data required time
                                             -2.581252   data arrival time
---------------------------------------------------------------------------------------------
                                              5.168747   slack (MET)



%OL_END_REPORT
%OL_CREATE_REPORT checks.rpt

===========================================================================
report_checks -unconstrained
===========================================================================
======================= min_tt_025C_1v80 Corner ===================================

Startpoint: b_i (input port clocked by __VIRTUAL_CLK__)
Endpoint: sum_o (output port clocked by __VIRTUAL_CLK__)
Path Group: __VIRTUAL_CLK__
Path Type: max

Fanout         Cap        Slew       Delay        Time   Description
---------------------------------------------------------------------------------------------
                      0.000000    0.000000    0.000000   clock __VIRTUAL_CLK__ (rise edge)
                                  0.000000    0.000000   clock network delay (ideal)
                                  2.000000    2.000000 v input external delay
     1    0.002895    0.008851    0.004582    2.004582 v b_i (in)
                                                         b_i (net)
                      0.008851    0.000000    2.004582 v input2/A (sky130_fd_sc_hd__buf_1)
     2    0.007821    0.052617    0.095749    2.100331 v input2/X (sky130_fd_sc_hd__buf_1)
                                                         net2 (net)
                      0.052617    0.000088    2.100420 v _6_/A (sky130_fd_sc_hd__xnor2_1)
     2    0.007736    0.218642    0.222110    2.322530 ^ _6_/Y (sky130_fd_sc_hd__xnor2_1)
                                                         _2_ (net)
                      0.218642    0.000047    2.322577 ^ _7_/B (sky130_fd_sc_hd__xnor2_1)
     1    0.008484    0.225920    0.188398    2.510975 ^ _7_/Y (sky130_fd_sc_hd__xnor2_1)
                                                         net5 (net)
                      0.225920    0.000320    2.511295 ^ output5/A (sky130_fd_sc_hd__buf_2)
     1    0.034060    0.169675    0.254243    2.765538 ^ output5/X (sky130_fd_sc_hd__buf_2)
                                                         sum_o (net)
                      0.169675    0.000202    2.765740 ^ sum_o (out)
                                              2.765740   data arrival time

                      0.000000   10.000000   10.000000   clock __VIRTUAL_CLK__ (rise edge)
                                  0.000000   10.000000   clock network delay (ideal)
                                 -0.250000    9.750000   clock uncertainty
                                  0.000000    9.750000   clock reconvergence pessimism
                                 -2.000000    7.750000   output external delay
                                              7.750000   data required time
---------------------------------------------------------------------------------------------
                                              7.750000   data required time
                                             -2.765740   data arrival time
---------------------------------------------------------------------------------------------
                                              4.984260   slack (MET)




===========================================================================
report_checks --slack_max -0.01
============================================================================
======================= min_tt_025C_1v80 Corner ===================================

No paths found.


===========================================================================
 report_check_types -max_slew -max_cap -max_fanout -violators
============================================================================
======================= min_tt_025C_1v80 Corner ===================================



===========================================================================
report_parasitic_annotation -report_unannotated
============================================================================
Found 0 unannotated drivers.
Found 0 partially unannotated drivers.

===========================================================================
max slew violation count 0
%OL_METRIC_I design__max_slew_violation__count__corner:min_tt_025C_1v80 0
max fanout violation count 0
%OL_METRIC_I design__max_fanout_violation__count__corner:min_tt_025C_1v80 0
max cap violation count 0
%OL_METRIC_I design__max_cap_violation__count__corner:min_tt_025C_1v80 0
============================================================================

===========================================================================
check_setup -verbose -unconstrained_endpoints -multiple_clock -no_clock -no_input_delay -loops -generated_clocks
===========================================================================
%OL_END_REPORT
%OL_CREATE_REPORT power.rpt

===========================================================================
 report_power
============================================================================
======================= min_tt_025C_1v80 Corner ===================================

Group                    Internal    Switching      Leakage        Total
                            Power        Power        Power        Power (Watts)
------------------------------------------------------------------------
Sequential           0.000000e+00 0.000000e+00 0.000000e+00 0.000000e+00   0.0%
Combinational        1.749380e-06 3.944227e-06 2.356221e-11 5.693630e-06 100.0%
Clock                0.000000e+00 0.000000e+00 4.827675e-10 4.827675e-10   0.0%
Macro                0.000000e+00 0.000000e+00 0.000000e+00 0.000000e+00   0.0%
Pad                  0.000000e+00 0.000000e+00 0.000000e+00 0.000000e+00   0.0%
------------------------------------------------------------------------
Total                1.749380e-06 3.944227e-06 5.063296e-10 5.694113e-06 100.0%
                            30.7%        69.3%         0.0%
%OL_METRIC_F power__internal__total 1.7493795212430996e-6
%OL_METRIC_F power__switching__total 3.9442270463041496e-6
%OL_METRIC_F power__leakage__total 5.063296448781784e-10
%OL_METRIC_F power__total 5.694112587661948e-6

%OL_END_REPORT
%OL_CREATE_REPORT skew.min.rpt

===========================================================================
Clock Skew (Hold)
============================================================================
%OL_METRIC_F clock__skew__worst_hold__corner:min_tt_025C_1v80 0.0
======================= min_tt_025C_1v80 Corner ===================================

Clock __VIRTUAL_CLK__
No launch/capture paths found.

%OL_END_REPORT
%OL_CREATE_REPORT skew.max.rpt

===========================================================================
Clock Skew (Setup)
============================================================================
%OL_METRIC_F clock__skew__worst_setup__corner:min_tt_025C_1v80 0.0
======================= min_tt_025C_1v80 Corner ===================================

Clock __VIRTUAL_CLK__
No launch/capture paths found.

%OL_END_REPORT
%OL_CREATE_REPORT ws.min.rpt

===========================================================================
Worst Slack (Hold)
============================================================================
%OL_METRIC_F timing__hold__ws__corner:min_tt_025C_1v80 4.125503611056001
min_tt_025C_1v80: 4.125503611056001
%OL_END_REPORT
%OL_CREATE_REPORT ws.max.rpt

===========================================================================
Worst Slack (Setup)
============================================================================
%OL_METRIC_F timing__setup__ws__corner:min_tt_025C_1v80 4.984260256712436
min_tt_025C_1v80: 4.984260256712436
%OL_END_REPORT
%OL_CREATE_REPORT tns.min.rpt

===========================================================================
Total Negative Slack (Hold)
============================================================================
%OL_METRIC_F timing__hold__tns__corner:min_tt_025C_1v80 0.0
min_tt_025C_1v80: 0.0
%OL_END_REPORT
%OL_CREATE_REPORT tns.max.rpt

===========================================================================
Total Negative Slack (Setup)
============================================================================
%OL_METRIC_F timing__setup__tns__corner:min_tt_025C_1v80 0.0
min_tt_025C_1v80: 0.0
%OL_END_REPORT
%OL_CREATE_REPORT wns.min.rpt

===========================================================================
Worst Negative Slack (Hold)
============================================================================
%OL_METRIC_F timing__hold__wns__corner:min_tt_025C_1v80 0
min_tt_025C_1v80: 0
%OL_END_REPORT
%OL_CREATE_REPORT wns.max.rpt

===========================================================================
Worst Negative Slack (Setup)
============================================================================
%OL_METRIC_F timing__setup__wns__corner:min_tt_025C_1v80 0.0
min_tt_025C_1v80: 0.0
%OL_END_REPORT
%OL_CREATE_REPORT violator_list.rpt

===========================================================================
Violator List
============================================================================
%OL_METRIC_I timing__hold_vio__count__corner:min_tt_025C_1v80 0
%OL_METRIC_F timing__hold_r2r__ws__corner:min_tt_025C_1v80 inf
%OL_METRIC_I timing__hold_r2r_vio__count__corner:min_tt_025C_1v80 0
%OL_METRIC_I timing__setup_vio__count__corner:min_tt_025C_1v80 0
%OL_METRIC_F timing__setup_r2r__ws__corner:min_tt_025C_1v80 inf
%OL_METRIC_I timing__setup_r2r_vio__count__corner:min_tt_025C_1v80 0
%OL_END_REPORT
%OL_CREATE_REPORT unpropagated.rpt
__VIRTUAL_CLK__
%OL_END_REPORT
%OL_CREATE_REPORT clock.rpt
Clock: __VIRTUAL_CLK__
Sources: 
Generated: no
Virtual: yes
Propagated: no
Period: 10.000000

===========================================================================
report_clock_properties
============================================================================
Clock                   Period          Waveform
----------------------------------------------------
__VIRTUAL_CLK__      10.000000    0.000000  5.000000

===========================================================================
report_clock_latency
============================================================================
Clock __VIRTUAL_CLK__


===========================================================================
report_clock_min_period
============================================================================
__VIRTUAL_CLK__ period_min = 0.00 fmax = inf
%OL_END_REPORT
Writing SDF files for all corners…
Removing Clock latencies before writing libs…
Writing timing models for all corners…
Writing timing models for the min_tt_025C_1v80 corner to /workspace/test_full_adder/runs/RUN_2025-08-19_16-02-41/54-openroad-stapostpnr/min_tt_025C_1v80/FullAdder__min_tt_025C_1v80.lib…
