
===========================================================================
report_checks -unconstrained
===========================================================================
======================= max_tt_025C_1v80 Corner ===================================

Startpoint: b_i (input port clocked by __VIRTUAL_CLK__)
Endpoint: sum_o (output port clocked by __VIRTUAL_CLK__)
Path Group: __VIRTUAL_CLK__
Path Type: max

Fanout         Cap        Slew       Delay        Time   Description
---------------------------------------------------------------------------------------------
                      0.000000    0.000000    0.000000   clock __VIRTUAL_CLK__ (rise edge)
                                  0.000000    0.000000   clock network delay (ideal)
                                  2.000000    2.000000 v input external delay
     1    0.003023    0.009132    0.004851    2.004851 v b_i (in)
                                                         b_i (net)
                      0.009139    0.000000    2.004851 v input2/A (sky130_fd_sc_hd__buf_1)
     2    0.008058    0.053837    0.096622    2.101474 v input2/X (sky130_fd_sc_hd__buf_1)
                                                         net2 (net)
                      0.053843    0.000589    2.102062 v _6_/A (sky130_fd_sc_hd__xnor2_1)
     2    0.007835    0.213096    0.223912    2.325975 ^ _6_/Y (sky130_fd_sc_hd__xnor2_1)
                                                         _2_ (net)
                      0.213097    0.000443    2.326418 ^ _7_/B (sky130_fd_sc_hd__xnor2_1)
     1    0.009480    0.245841    0.194661    2.521078 ^ _7_/Y (sky130_fd_sc_hd__xnor2_1)
                                                         net5 (net)
                      0.245847    0.000933    2.522011 ^ output5/A (sky130_fd_sc_hd__buf_2)
     1    0.034156    0.170417    0.258946    2.780957 ^ output5/X (sky130_fd_sc_hd__buf_2)
                                                         sum_o (net)
                      0.170431    0.001643    2.782600 ^ sum_o (out)
                                              2.782600   data arrival time

                      0.000000   10.000000   10.000000   clock __VIRTUAL_CLK__ (rise edge)
                                  0.000000   10.000000   clock network delay (ideal)
                                 -0.250000    9.750000   clock uncertainty
                                  0.000000    9.750000   clock reconvergence pessimism
                                 -2.000000    7.750000   output external delay
                                              7.750000   data required time
---------------------------------------------------------------------------------------------
                                              7.750000   data required time
                                             -2.782600   data arrival time
---------------------------------------------------------------------------------------------
                                              4.967400   slack (MET)




===========================================================================
report_checks --slack_max -0.01
============================================================================
======================= max_tt_025C_1v80 Corner ===================================

No paths found.


===========================================================================
 report_check_types -max_slew -max_cap -max_fanout -violators
============================================================================
======================= max_tt_025C_1v80 Corner ===================================



===========================================================================
report_parasitic_annotation -report_unannotated
============================================================================
Found 0 unannotated drivers.
Found 0 partially unannotated drivers.

===========================================================================
max slew violation count 0
max fanout violation count 0
max cap violation count 0
============================================================================

===========================================================================
check_setup -verbose -unconstrained_endpoints -multiple_clock -no_clock -no_input_delay -loops -generated_clocks
===========================================================================
