
===========================================================================
report_checks -path_delay max (Setup)
============================================================================
======================= max_tt_025C_1v80 Corner ===================================

Startpoint: b_i (input port clocked by __VIRTUAL_CLK__)
Endpoint: sum_o (output port clocked by __VIRTUAL_CLK__)
Path Group: __VIRTUAL_CLK__
Path Type: max

Fanout         Cap        Slew       Delay        Time   Description
---------------------------------------------------------------------------------------------
                      0.000000    0.000000    0.000000   clock __VIRTUAL_CLK__ (rise edge)
                                  0.000000    0.000000   clock network delay (ideal)
                                  2.000000    2.000000 v input external delay
     1    0.003023    0.009132    0.004851    2.004851 v b_i (in)
                                                         b_i (net)
                      0.009139    0.000000    2.004851 v input2/A (sky130_fd_sc_hd__buf_1)
     2    0.008058    0.053837    0.096622    2.101474 v input2/X (sky130_fd_sc_hd__buf_1)
                                                         net2 (net)
                      0.053843    0.000589    2.102062 v _6_/A (sky130_fd_sc_hd__xnor2_1)
     2    0.007835    0.213096    0.223912    2.325975 ^ _6_/Y (sky130_fd_sc_hd__xnor2_1)
                                                         _2_ (net)
                      0.213097    0.000443    2.326418 ^ _7_/B (sky130_fd_sc_hd__xnor2_1)
     1    0.009480    0.245841    0.194661    2.521078 ^ _7_/Y (sky130_fd_sc_hd__xnor2_1)
                                                         net5 (net)
                      0.245847    0.000933    2.522011 ^ output5/A (sky130_fd_sc_hd__buf_2)
     1    0.034156    0.170417    0.258946    2.780957 ^ output5/X (sky130_fd_sc_hd__buf_2)
                                                         sum_o (net)
                      0.170431    0.001643    2.782600 ^ sum_o (out)
                                              2.782600   data arrival time

                      0.000000   10.000000   10.000000   clock __VIRTUAL_CLK__ (rise edge)
                                  0.000000   10.000000   clock network delay (ideal)
                                 -0.250000    9.750000   clock uncertainty
                                  0.000000    9.750000   clock reconvergence pessimism
                                 -2.000000    7.750000   output external delay
                                              7.750000   data required time
---------------------------------------------------------------------------------------------
                                              7.750000   data required time
                                             -2.782600   data arrival time
---------------------------------------------------------------------------------------------
                                              4.967400   slack (MET)


Startpoint: b_i (input port clocked by __VIRTUAL_CLK__)
Endpoint: cout_o (output port clocked by __VIRTUAL_CLK__)
Path Group: __VIRTUAL_CLK__
Path Type: max

Fanout         Cap        Slew       Delay        Time   Description
---------------------------------------------------------------------------------------------
                      0.000000    0.000000    0.000000   clock __VIRTUAL_CLK__ (rise edge)
                                  0.000000    0.000000   clock network delay (ideal)
                                  2.000000    2.000000 v input external delay
     1    0.003023    0.009132    0.004851    2.004851 v b_i (in)
                                                         b_i (net)
                      0.009139    0.000000    2.004851 v input2/A (sky130_fd_sc_hd__buf_1)
     2    0.008058    0.053837    0.096622    2.101474 v input2/X (sky130_fd_sc_hd__buf_1)
                                                         net2 (net)
                      0.053843    0.000589    2.102062 v _6_/A (sky130_fd_sc_hd__xnor2_1)
     2    0.007835    0.213096    0.223912    2.325975 ^ _6_/Y (sky130_fd_sc_hd__xnor2_1)
                                                         _2_ (net)
                      0.213096    0.000250    2.326224 ^ _3_/A2 (sky130_fd_sc_hd__o21ai_1)
     1    0.002140    0.046146    0.077580    2.403804 v _3_/Y (sky130_fd_sc_hd__o21ai_1)
                                                         net4 (net)
                      0.046146    0.000143    2.403947 v output4/A (sky130_fd_sc_hd__buf_2)
     1    0.034370    0.090110    0.180048    2.583995 v output4/X (sky130_fd_sc_hd__buf_2)
                                                         cout_o (net)
                      0.090143    0.001593    2.585588 v cout_o (out)
                                              2.585588   data arrival time

                      0.000000   10.000000   10.000000   clock __VIRTUAL_CLK__ (rise edge)
                                  0.000000   10.000000   clock network delay (ideal)
                                 -0.250000    9.750000   clock uncertainty
                                  0.000000    9.750000   clock reconvergence pessimism
                                 -2.000000    7.750000   output external delay
                                              7.750000   data required time
---------------------------------------------------------------------------------------------
                                              7.750000   data required time
                                             -2.585588   data arrival time
---------------------------------------------------------------------------------------------
                                              5.164412   slack (MET)



