Reading OpenROAD database at '/workspace/test_full_adder/runs/RUN_2025-08-19_16-02-41/20-openroad-generatepdn/FullAdder.odb'…
Reading library file at '/nc/apps/pdk/ciel/sky130/versions/0fe599b2afb6708d281543108caf8310912f54af/sky130A/libs.ref/sky130_fd_sc_hd/lib/sky130_fd_sc_hd__tt_025C_1v80.lib'…
Reading design constraints file at '/nix/store/zs0jjs1cnaljzhp3rwp8bw7z27hk44md-python3-3.11.9-env/lib/python3.11/site-packages/librelane/scripts/base.sdc'…
[WARNING STA-0366] port '__VIRTUAL_CLK__' not found.
[INFO] Using clock __VIRTUAL_CLK__…
[INFO] Setting output delay to: 2
[INFO] Setting input delay to: 2
[WARNING STA-0366] port '__VIRTUAL_CLK__' not found.
[INFO] Setting load to: 0.033442
[INFO] Setting clock uncertainty to: 0.25
[INFO] Setting clock transition to: 0.1499999999999999944488848768742172978818416595458984375
[WARNING STA-0419] transition time can not be specified for virtual clocks.
[INFO] Setting timing derate to: 5%
[WARNING STA-0450] virtual clock __VIRTUAL_CLK__ can not be propagated.
+ global_placement -density 0.6 -skip_io -pad_right 0 -pad_left 0 -init_wirelength_coef 0.25
[INFO GPL-0002] DBU: 1000
[INFO GPL-0003] SiteSize: (  0.460  2.720 ) um
[INFO GPL-0004] CoreBBox: (  5.520 10.880 ) ( 94.300 87.040 ) um
[INFO GPL-0006] NumInstances:               151
[INFO GPL-0007] NumPlaceInstances:            5
[INFO GPL-0008] NumFixedInstances:          146
[INFO GPL-0009] NumDummyInstances:            0
[INFO GPL-0010] NumNets:                      8
[INFO GPL-0011] NumPins:                     15
[INFO GPL-0012] DieBBox:  (  0.000  0.000 ) ( 100.000 100.000 ) um
[INFO GPL-0013] CoreBBox: (  5.520 10.880 ) ( 94.300 87.040 ) um
[INFO GPL-0016] CoreArea:              6761.485 um^2
[INFO GPL-0017] NonPlaceInstsArea:      322.810 um^2
[INFO GPL-0018] PlaceInstsArea:          51.299 um^2
[INFO GPL-0019] Util:                     0.797 %
[INFO GPL-0020] StdInstsArea:            51.299 um^2
[INFO GPL-0021] MacroInstsArea:           0.000 um^2
[INFO GPL-0031] FillerInit:NumGCells:       440
[INFO GPL-0032] FillerInit:NumGNets:          8
[INFO GPL-0033] FillerInit:NumGPins:         15
[INFO GPL-0023] TargetDensity:            0.600
[INFO GPL-0024] AvrgPlaceInstArea:       10.260 um^2
[INFO GPL-0025] IdealBinArea:            17.100 um^2
[INFO GPL-0026] IdealBinCnt:                395
[INFO GPL-0027] TotalBinArea:          6761.485 um^2
[INFO GPL-0028] BinCnt:        16     16
[INFO GPL-0029] BinSize: (  5.549  4.760 )
[INFO GPL-0030] NumBins: 256
[NesterovSolve] Iter:    1 overflow: 0.000 HPWL: 6793
[NesterovSolve] Finished with Overflow: 0.000000
[INFO] Setting RC values…
Setting global connections for newly added cells…
[INFO] Setting global connections...
Updating metrics…
Cell type report:                       Count       Area
  Fill cell                                56     210.20
  Tap cell                                 90     112.61
  Inverter                                  1       3.75
  Multi-Input combinational cell            4      47.55
  Total                                   151     374.11
Writing OpenROAD database to '/workspace/test_full_adder/runs/RUN_2025-08-19_16-02-41/23-openroad-globalplacementskipio/FullAdder.odb'…
Writing netlist to '/workspace/test_full_adder/runs/RUN_2025-08-19_16-02-41/23-openroad-globalplacementskipio/FullAdder.nl.v'…
Writing powered netlist to '/workspace/test_full_adder/runs/RUN_2025-08-19_16-02-41/23-openroad-globalplacementskipio/FullAdder.pnl.v'…
Writing layout to '/workspace/test_full_adder/runs/RUN_2025-08-19_16-02-41/23-openroad-globalplacementskipio/FullAdder.def'…
Writing timing constraints to '/workspace/test_full_adder/runs/RUN_2025-08-19_16-02-41/23-openroad-globalplacementskipio/FullAdder.sdc'…
