
===========================================================================
report_checks -path_delay max (Setup)
============================================================================
======================= nom_tt_025C_1v80 Corner ===================================

Startpoint: b_i (input port clocked by __VIRTUAL_CLK__)
Endpoint: sum_o (output port clocked by __VIRTUAL_CLK__)
Path Group: __VIRTUAL_CLK__
Path Type: max

Fanout         Cap        Slew       Delay        Time   Description
---------------------------------------------------------------------------------------------
                      0.000000    0.000000    0.000000   clock __VIRTUAL_CLK__ (rise edge)
                                  0.000000    0.000000   clock network delay (ideal)
                                  2.000000    2.000000 v input external delay
     1    0.002958    0.008990    0.004706    2.004706 v b_i (in)
                                                         b_i (net)
                      0.008990    0.000000    2.004706 v input2/A (sky130_fd_sc_hd__buf_1)
     2    0.007962    0.053315    0.096356    2.101062 v input2/X (sky130_fd_sc_hd__buf_1)
                                                         net2 (net)
                      0.053315    0.000235    2.101298 v _6_/A (sky130_fd_sc_hd__xnor2_1)
     2    0.007786    0.212104    0.223078    2.324376 ^ _6_/Y (sky130_fd_sc_hd__xnor2_1)
                                                         _2_ (net)
                      0.212104    0.000170    2.324546 ^ _7_/B (sky130_fd_sc_hd__xnor2_1)
     1    0.008982    0.235860    0.190931    2.515477 ^ _7_/Y (sky130_fd_sc_hd__xnor2_1)
                                                         net5 (net)
                      0.235862    0.000515    2.515992 ^ output5/A (sky130_fd_sc_hd__buf_2)
     1    0.034106    0.169999    0.256766    2.772758 ^ output5/X (sky130_fd_sc_hd__buf_2)
                                                         sum_o (net)
                      0.169999    0.000658    2.773416 ^ sum_o (out)
                                              2.773416   data arrival time

                      0.000000   10.000000   10.000000   clock __VIRTUAL_CLK__ (rise edge)
                                  0.000000   10.000000   clock network delay (ideal)
                                 -0.250000    9.750000   clock uncertainty
                                  0.000000    9.750000   clock reconvergence pessimism
                                 -2.000000    7.750000   output external delay
                                              7.750000   data required time
---------------------------------------------------------------------------------------------
                                              7.750000   data required time
                                             -2.773416   data arrival time
---------------------------------------------------------------------------------------------
                                              4.976584   slack (MET)


Startpoint: b_i (input port clocked by __VIRTUAL_CLK__)
Endpoint: cout_o (output port clocked by __VIRTUAL_CLK__)
Path Group: __VIRTUAL_CLK__
Path Type: max

Fanout         Cap        Slew       Delay        Time   Description
---------------------------------------------------------------------------------------------
                      0.000000    0.000000    0.000000   clock __VIRTUAL_CLK__ (rise edge)
                                  0.000000    0.000000   clock network delay (ideal)
                                  2.000000    2.000000 v input external delay
     1    0.002958    0.008990    0.004706    2.004706 v b_i (in)
                                                         b_i (net)
                      0.008990    0.000000    2.004706 v input2/A (sky130_fd_sc_hd__buf_1)
     2    0.007962    0.053315    0.096356    2.101062 v input2/X (sky130_fd_sc_hd__buf_1)
                                                         net2 (net)
                      0.053315    0.000235    2.101298 v _6_/A (sky130_fd_sc_hd__xnor2_1)
     2    0.007786    0.212104    0.223078    2.324376 ^ _6_/Y (sky130_fd_sc_hd__xnor2_1)
                                                         _2_ (net)
                      0.212104    0.000103    2.324478 ^ _3_/A2 (sky130_fd_sc_hd__o21ai_1)
     1    0.002106    0.045794    0.077146    2.401625 v _3_/Y (sky130_fd_sc_hd__o21ai_1)
                                                         net4 (net)
                      0.045794    0.000059    2.401684 v output4/A (sky130_fd_sc_hd__buf_2)
     1    0.034318    0.089650    0.180477    2.582160 v output4/X (sky130_fd_sc_hd__buf_2)
                                                         cout_o (net)
                      0.089656    0.000733    2.582893 v cout_o (out)
                                              2.582893   data arrival time

                      0.000000   10.000000   10.000000   clock __VIRTUAL_CLK__ (rise edge)
                                  0.000000   10.000000   clock network delay (ideal)
                                 -0.250000    9.750000   clock uncertainty
                                  0.000000    9.750000   clock reconvergence pessimism
                                 -2.000000    7.750000   output external delay
                                              7.750000   data required time
---------------------------------------------------------------------------------------------
                                              7.750000   data required time
                                             -2.582893   data arrival time
---------------------------------------------------------------------------------------------
                                              5.167107   slack (MET)



