Reading timing models for corner nom_tt_025C_1v80…
Reading timing library for the 'nom_tt_025C_1v80' corner at '/nc/apps/pdk/ciel/sky130/versions/0fe599b2afb6708d281543108caf8310912f54af/sky130A/libs.ref/sky130_fd_sc_hd/lib/sky130_fd_sc_hd__tt_025C_1v80.lib'…
Reading timing models for corner nom_ff_n40C_1v95…
Reading timing library for the 'nom_ff_n40C_1v95' corner at '/nc/apps/pdk/ciel/sky130/versions/0fe599b2afb6708d281543108caf8310912f54af/sky130A/libs.ref/sky130_fd_sc_hd/lib/sky130_fd_sc_hd__ff_n40C_1v95.lib'…
Reading timing models for corner nom_ss_100C_1v60…
Reading timing library for the 'nom_ss_100C_1v60' corner at '/nc/apps/pdk/ciel/sky130/versions/0fe599b2afb6708d281543108caf8310912f54af/sky130A/libs.ref/sky130_fd_sc_hd/lib/sky130_fd_sc_hd__ss_100C_1v60.lib'…
Reading OpenROAD database at '/workspace/test_full_adder/runs/RUN_2025-08-19_16-02-41/33-openroad-detailedplacement/FullAdder.odb'…
Reading design constraints file at '/nix/store/zs0jjs1cnaljzhp3rwp8bw7z27hk44md-python3-3.11.9-env/lib/python3.11/site-packages/librelane/scripts/base.sdc'…
[WARNING STA-0366] port '__VIRTUAL_CLK__' not found.
[INFO] Using clock __VIRTUAL_CLK__…
[INFO] Setting output delay to: 2
[INFO] Setting input delay to: 2
[WARNING STA-0366] port '__VIRTUAL_CLK__' not found.
[INFO] Setting load to: 0.033442
[INFO] Setting clock uncertainty to: 0.25
[INFO] Setting clock transition to: 0.1499999999999999944488848768742172978818416595458984375
[WARNING STA-0419] transition time can not be specified for virtual clocks.
[INFO] Setting timing derate to: 5%
[WARNING STA-0450] virtual clock __VIRTUAL_CLK__ can not be propagated.
[WARNING STA-0450] virtual clock __VIRTUAL_CLK__ can not be propagated.
[INFO] Setting RC values…
[INFO RSZ-0098] No setup violations found
[INFO RSZ-0033] No hold violations found.
Placement Analysis
---------------------------------
total displacement          0.0 u
average displacement        0.0 u
max displacement            0.0 u
original HPWL             161.0 u
legalized HPWL            161.5 u
delta HPWL                    0 %

[INFO DPL-0020] Mirrored 2 instances
[INFO DPL-0021] HPWL before             161.5 u
[INFO DPL-0022] HPWL after              161.0 u
[INFO DPL-0023] HPWL delta               -0.3 %
[INFO] Setting RC values…
Setting global connections for newly added cells…
[INFO] Setting global connections...
Updating metrics…
Cell type report:                       Count       Area
  Fill cell                                56     210.20
  Tap cell                                 90     112.61
  Timing Repair Buffer                      5      21.27
  Inverter                                  1       3.75
  Multi-Input combinational cell            4      26.28
  Total                                   156     374.11
Writing OpenROAD database to '/workspace/test_full_adder/runs/RUN_2025-08-19_16-02-41/36-openroad-resizertimingpostcts/FullAdder.odb'…
Writing netlist to '/workspace/test_full_adder/runs/RUN_2025-08-19_16-02-41/36-openroad-resizertimingpostcts/FullAdder.nl.v'…
Writing powered netlist to '/workspace/test_full_adder/runs/RUN_2025-08-19_16-02-41/36-openroad-resizertimingpostcts/FullAdder.pnl.v'…
Writing layout to '/workspace/test_full_adder/runs/RUN_2025-08-19_16-02-41/36-openroad-resizertimingpostcts/FullAdder.def'…
Writing timing constraints to '/workspace/test_full_adder/runs/RUN_2025-08-19_16-02-41/36-openroad-resizertimingpostcts/FullAdder.sdc'…
