
===========================================================================
report_checks -path_delay max (Setup)
============================================================================
======================= nom_ss_100C_1v60 Corner ===================================

Startpoint: b_i (input port clocked by __VIRTUAL_CLK__)
Endpoint: sum_o (output port clocked by __VIRTUAL_CLK__)
Path Group: __VIRTUAL_CLK__
Path Type: max

Fanout         Cap        Slew       Delay        Time   Description
---------------------------------------------------------------------------------------------
                      0.000000    0.000000    0.000000   clock __VIRTUAL_CLK__ (rise edge)
                                  0.000000    0.000000   clock network delay (ideal)
                                  2.000000    2.000000 v input external delay
     1    0.002939    0.018992    0.009677    2.009677 v b_i (in)
                                                         b_i (net)
                      0.018992    0.000000    2.009677 v input2/A (sky130_fd_sc_hd__buf_1)
     2    0.007935    0.103101    0.181543    2.191220 v input2/X (sky130_fd_sc_hd__buf_1)
                                                         net2 (net)
                      0.103101    0.000234    2.191454 v _6_/A (sky130_fd_sc_hd__xnor2_1)
     2    0.007613    0.341071    0.375552    2.567006 ^ _6_/Y (sky130_fd_sc_hd__xnor2_1)
                                                         _2_ (net)
                      0.341071    0.000165    2.567171 ^ _7_/B (sky130_fd_sc_hd__xnor2_1)
     1    0.008928    0.383784    0.360535    2.927707 ^ _7_/Y (sky130_fd_sc_hd__xnor2_1)
                                                         net5 (net)
                      0.383785    0.000510    2.928216 ^ output5/A (sky130_fd_sc_hd__buf_2)
     1    0.034106    0.271983    0.476777    3.404994 ^ output5/X (sky130_fd_sc_hd__buf_2)
                                                         sum_o (net)
                      0.271983    0.000658    3.405652 ^ sum_o (out)
                                              3.405652   data arrival time

                      0.000000   10.000000   10.000000   clock __VIRTUAL_CLK__ (rise edge)
                                  0.000000   10.000000   clock network delay (ideal)
                                 -0.250000    9.750000   clock uncertainty
                                  0.000000    9.750000   clock reconvergence pessimism
                                 -2.000000    7.750000   output external delay
                                              7.750000   data required time
---------------------------------------------------------------------------------------------
                                              7.750000   data required time
                                             -3.405652   data arrival time
---------------------------------------------------------------------------------------------
                                              4.344348   slack (MET)


Startpoint: b_i (input port clocked by __VIRTUAL_CLK__)
Endpoint: cout_o (output port clocked by __VIRTUAL_CLK__)
Path Group: __VIRTUAL_CLK__
Path Type: max

Fanout         Cap        Slew       Delay        Time   Description
---------------------------------------------------------------------------------------------
                      0.000000    0.000000    0.000000   clock __VIRTUAL_CLK__ (rise edge)
                                  0.000000    0.000000   clock network delay (ideal)
                                  2.000000    2.000000 v input external delay
     1    0.002939    0.018992    0.009677    2.009677 v b_i (in)
                                                         b_i (net)
                      0.018992    0.000000    2.009677 v input2/A (sky130_fd_sc_hd__buf_1)
     2    0.007935    0.103101    0.181543    2.191220 v input2/X (sky130_fd_sc_hd__buf_1)
                                                         net2 (net)
                      0.103101    0.000234    2.191454 v _6_/A (sky130_fd_sc_hd__xnor2_1)
     2    0.007613    0.341071    0.375552    2.567006 ^ _6_/Y (sky130_fd_sc_hd__xnor2_1)
                                                         _2_ (net)
                      0.341071    0.000101    2.567107 ^ _3_/A2 (sky130_fd_sc_hd__o21ai_1)
     1    0.002084    0.077943    0.188116    2.755223 v _3_/Y (sky130_fd_sc_hd__o21ai_1)
                                                         net4 (net)
                      0.077943    0.000058    2.755281 v output4/A (sky130_fd_sc_hd__buf_2)
     1    0.034318    0.166091    0.348326    3.103606 v output4/X (sky130_fd_sc_hd__buf_2)
                                                         cout_o (net)
                      0.166092    0.000733    3.104340 v cout_o (out)
                                              3.104340   data arrival time

                      0.000000   10.000000   10.000000   clock __VIRTUAL_CLK__ (rise edge)
                                  0.000000   10.000000   clock network delay (ideal)
                                 -0.250000    9.750000   clock uncertainty
                                  0.000000    9.750000   clock reconvergence pessimism
                                 -2.000000    7.750000   output external delay
                                              7.750000   data required time
---------------------------------------------------------------------------------------------
                                              7.750000   data required time
                                             -3.104340   data arrival time
---------------------------------------------------------------------------------------------
                                              4.645660   slack (MET)



