
===========================================================================
report_checks -path_delay min (Hold)
============================================================================
======================= nom_ss_100C_1v60 Corner ===================================

Startpoint: b_i (input port clocked by __VIRTUAL_CLK__)
Endpoint: cout_o (output port clocked by __VIRTUAL_CLK__)
Path Group: __VIRTUAL_CLK__
Path Type: min

Fanout         Cap        Slew       Delay        Time   Description
---------------------------------------------------------------------------------------------
                      0.000000    0.000000    0.000000   clock __VIRTUAL_CLK__ (rise edge)
                                  0.000000    0.000000   clock network delay (ideal)
                                  2.000000    2.000000 v input external delay
     1    0.002939    0.018992    0.009677    2.009677 v b_i (in)
                                                         b_i (net)
                      0.018992    0.000000    2.009677 v input2/A (sky130_fd_sc_hd__buf_1)
     2    0.007935    0.103101    0.181543    2.191220 v input2/X (sky130_fd_sc_hd__buf_1)
                                                         net2 (net)
                      0.103101    0.000183    2.191403 v _5_/A (sky130_fd_sc_hd__nand2_1)
     1    0.002186    0.057257    0.096514    2.287917 ^ _5_/Y (sky130_fd_sc_hd__nand2_1)
                                                         _1_ (net)
                      0.057257    0.000042    2.287960 ^ _3_/B1 (sky130_fd_sc_hd__o21ai_1)
     1    0.002084    0.060494    0.103436    2.391396 v _3_/Y (sky130_fd_sc_hd__o21ai_1)
                                                         net4 (net)
                      0.060494    0.000058    2.391454 v output4/A (sky130_fd_sc_hd__buf_2)
     1    0.034318    0.166175    0.340329    2.731783 v output4/X (sky130_fd_sc_hd__buf_2)
                                                         cout_o (net)
                      0.166176    0.000733    2.732516 v cout_o (out)
                                              2.732516   data arrival time

                      0.000000    0.000000    0.000000   clock __VIRTUAL_CLK__ (rise edge)
                                  0.000000    0.000000   clock network delay (ideal)
                                  0.250000    0.250000   clock uncertainty
                                  0.000000    0.250000   clock reconvergence pessimism
                                 -2.000000   -1.750000   output external delay
                                             -1.750000   data required time
---------------------------------------------------------------------------------------------
                                             -1.750000   data required time
                                             -2.732516   data arrival time
---------------------------------------------------------------------------------------------
                                              4.482516   slack (MET)


Startpoint: cin_i (input port clocked by __VIRTUAL_CLK__)
Endpoint: sum_o (output port clocked by __VIRTUAL_CLK__)
Path Group: __VIRTUAL_CLK__
Path Type: min

Fanout         Cap        Slew       Delay        Time   Description
---------------------------------------------------------------------------------------------
                      0.000000    0.000000    0.000000   clock __VIRTUAL_CLK__ (rise edge)
                                  0.000000    0.000000   clock network delay (ideal)
                                  2.000000    2.000000 ^ input external delay
     1    0.002968    0.033365    0.016682    2.016681 ^ cin_i (in)
                                                         cin_i (net)
                      0.033365    0.000000    2.016681 ^ input3/A (sky130_fd_sc_hd__buf_1)
     2    0.010690    0.213582    0.236676    2.253358 ^ input3/X (sky130_fd_sc_hd__buf_1)
                                                         net3 (net)
                      0.213583    0.000276    2.253634 ^ _7_/A (sky130_fd_sc_hd__xnor2_1)
     1    0.008800    0.160772    0.262195    2.515829 v _7_/Y (sky130_fd_sc_hd__xnor2_1)
                                                         net5 (net)
                      0.160772    0.000498    2.516327 v output5/A (sky130_fd_sc_hd__buf_2)
     1    0.034106    0.165334    0.387605    2.903933 v output5/X (sky130_fd_sc_hd__buf_2)
                                                         sum_o (net)
                      0.165334    0.000658    2.904590 v sum_o (out)
                                              2.904590   data arrival time

                      0.000000    0.000000    0.000000   clock __VIRTUAL_CLK__ (rise edge)
                                  0.000000    0.000000   clock network delay (ideal)
                                  0.250000    0.250000   clock uncertainty
                                  0.000000    0.250000   clock reconvergence pessimism
                                 -2.000000   -1.750000   output external delay
                                             -1.750000   data required time
---------------------------------------------------------------------------------------------
                                             -1.750000   data required time
                                             -2.904590   data arrival time
---------------------------------------------------------------------------------------------
                                              4.654590   slack (MET)



