
===========================================================================
report_checks -unconstrained
===========================================================================
======================= nom_tt_025C_1v80 Corner ===================================

Startpoint: b_i (input port clocked by __VIRTUAL_CLK__)
Endpoint: sum_o (output port clocked by __VIRTUAL_CLK__)
Path Group: __VIRTUAL_CLK__
Path Type: max

Fanout         Cap        Slew       Delay        Time   Description
---------------------------------------------------------------------------------------------
                      0.000000    0.000000    0.000000   clock __VIRTUAL_CLK__ (rise edge)
                                  0.000000    0.000000   clock network delay (ideal)
                                  2.000000    2.000000 v input external delay
     1    0.003987    0.011383    0.006461    2.006461 v b_i (in)
                                                         b_i (net)
                      0.011389    0.000000    2.006461 v input2/A (sky130_fd_sc_hd__buf_1)
     2    0.008874    0.058264    0.101128    2.107590 v input2/X (sky130_fd_sc_hd__buf_1)
                                                         net2 (net)
                      0.058265    0.000347    2.107937 v _6_/A (sky130_fd_sc_hd__xnor2_1)
     2    0.007761    0.211614    0.224709    2.332646 ^ _6_/Y (sky130_fd_sc_hd__xnor2_1)
                                                         _2_ (net)
                      0.211614    0.000135    2.332780 ^ _7_/B (sky130_fd_sc_hd__xnor2_1)
     1    0.008514    0.226534    0.187264    2.520045 ^ _7_/Y (sky130_fd_sc_hd__xnor2_1)
                                                         net5 (net)
                      0.226536    0.000541    2.520586 ^ output5/A (sky130_fd_sc_hd__buf_2)
     1    0.034763    0.173073    0.256220    2.776806 ^ output5/X (sky130_fd_sc_hd__buf_2)
                                                         sum_o (net)
                      0.173076    0.000942    2.777748 ^ sum_o (out)
                                              2.777748   data arrival time

                      0.000000   10.000000   10.000000   clock __VIRTUAL_CLK__ (rise edge)
                                  0.000000   10.000000   clock network delay (ideal)
                                 -0.250000    9.750000   clock uncertainty
                                  0.000000    9.750000   clock reconvergence pessimism
                                 -2.000000    7.750000   output external delay
                                              7.750000   data required time
---------------------------------------------------------------------------------------------
                                              7.750000   data required time
                                             -2.777748   data arrival time
---------------------------------------------------------------------------------------------
                                              4.972251   slack (MET)




===========================================================================
report_checks --slack_max -0.01
============================================================================
======================= nom_tt_025C_1v80 Corner ===================================

No paths found.


===========================================================================
 report_check_types -max_slew -max_cap -max_fanout -violators
============================================================================
======================= nom_tt_025C_1v80 Corner ===================================



===========================================================================
report_parasitic_annotation -report_unannotated
============================================================================
Found 0 unannotated drivers.
Found 0 partially unannotated drivers.

===========================================================================
max slew violation count 0
Writing metric design__max_slew_violation__count__corner:nom_tt_025C_1v80: 0
max fanout violation count 0
Writing metric design__max_fanout_violation__count__corner:nom_tt_025C_1v80: 0
max cap violation count 0
Writing metric design__max_cap_violation__count__corner:nom_tt_025C_1v80: 0
============================================================================

===========================================================================
check_setup -verbose -unconstrained_endpoints -multiple_clock -no_clock -no_input_delay -loops -generated_clocks
===========================================================================
