
===========================================================================
report_checks -path_delay max (Setup)
============================================================================
======================= nom_tt_025C_1v80 Corner ===================================

Startpoint: b_i (input port clocked by __VIRTUAL_CLK__)
Endpoint: sum_o (output port clocked by __VIRTUAL_CLK__)
Path Group: __VIRTUAL_CLK__
Path Type: max

Fanout         Cap        Slew       Delay        Time   Description
---------------------------------------------------------------------------------------------
                      0.000000    0.000000    0.000000   clock __VIRTUAL_CLK__ (rise edge)
                                  0.000000    0.000000   clock network delay (ideal)
                                  2.000000    2.000000 v input external delay
     1    0.003987    0.011383    0.006461    2.006461 v b_i (in)
                                                         b_i (net)
                      0.011389    0.000000    2.006461 v input2/A (sky130_fd_sc_hd__buf_1)
     2    0.008874    0.058264    0.101128    2.107590 v input2/X (sky130_fd_sc_hd__buf_1)
                                                         net2 (net)
                      0.058265    0.000347    2.107937 v _6_/A (sky130_fd_sc_hd__xnor2_1)
     2    0.007761    0.211614    0.224709    2.332646 ^ _6_/Y (sky130_fd_sc_hd__xnor2_1)
                                                         _2_ (net)
                      0.211614    0.000135    2.332780 ^ _7_/B (sky130_fd_sc_hd__xnor2_1)
     1    0.008514    0.226534    0.187264    2.520045 ^ _7_/Y (sky130_fd_sc_hd__xnor2_1)
                                                         net5 (net)
                      0.226536    0.000541    2.520586 ^ output5/A (sky130_fd_sc_hd__buf_2)
     1    0.034763    0.173073    0.256220    2.776806 ^ output5/X (sky130_fd_sc_hd__buf_2)
                                                         sum_o (net)
                      0.173076    0.000942    2.777748 ^ sum_o (out)
                                              2.777748   data arrival time

                      0.000000   10.000000   10.000000   clock __VIRTUAL_CLK__ (rise edge)
                                  0.000000   10.000000   clock network delay (ideal)
                                 -0.250000    9.750000   clock uncertainty
                                  0.000000    9.750000   clock reconvergence pessimism
                                 -2.000000    7.750000   output external delay
                                              7.750000   data required time
---------------------------------------------------------------------------------------------
                                              7.750000   data required time
                                             -2.777748   data arrival time
---------------------------------------------------------------------------------------------
                                              4.972251   slack (MET)


Startpoint: b_i (input port clocked by __VIRTUAL_CLK__)
Endpoint: cout_o (output port clocked by __VIRTUAL_CLK__)
Path Group: __VIRTUAL_CLK__
Path Type: max

Fanout         Cap        Slew       Delay        Time   Description
---------------------------------------------------------------------------------------------
                      0.000000    0.000000    0.000000   clock __VIRTUAL_CLK__ (rise edge)
                                  0.000000    0.000000   clock network delay (ideal)
                                  2.000000    2.000000 v input external delay
     1    0.003987    0.011383    0.006461    2.006461 v b_i (in)
                                                         b_i (net)
                      0.011389    0.000000    2.006461 v input2/A (sky130_fd_sc_hd__buf_1)
     2    0.008874    0.058264    0.101128    2.107590 v input2/X (sky130_fd_sc_hd__buf_1)
                                                         net2 (net)
                      0.058265    0.000347    2.107937 v _6_/A (sky130_fd_sc_hd__xnor2_1)
     2    0.007263    0.075034    0.150457    2.258394 v _6_/Y (sky130_fd_sc_hd__xnor2_1)
                                                         _2_ (net)
                      0.075034    0.000110    2.258504 v _3_/A2 (sky130_fd_sc_hd__o21ai_1)
     1    0.002878    0.099774    0.123067    2.381571 ^ _3_/Y (sky130_fd_sc_hd__o21ai_1)
                                                         net4 (net)
                      0.099774    0.000092    2.381663 ^ output4/A (sky130_fd_sc_hd__buf_2)
     1    0.034390    0.171069    0.218547    2.600210 ^ output4/X (sky130_fd_sc_hd__buf_2)
                                                         cout_o (net)
                      0.171070    0.000837    2.601047 ^ cout_o (out)
                                              2.601047   data arrival time

                      0.000000   10.000000   10.000000   clock __VIRTUAL_CLK__ (rise edge)
                                  0.000000   10.000000   clock network delay (ideal)
                                 -0.250000    9.750000   clock uncertainty
                                  0.000000    9.750000   clock reconvergence pessimism
                                 -2.000000    7.750000   output external delay
                                              7.750000   data required time
---------------------------------------------------------------------------------------------
                                              7.750000   data required time
                                             -2.601047   data arrival time
---------------------------------------------------------------------------------------------
                                              5.148953   slack (MET)



