Reading OpenROAD database at '/workspace/test_full_adder/runs/RUN_2025-08-19_16-02-41/41-openroad-repairantennas/1-diodeinsertion/FullAdder.odb'…
Reading library file at '/nc/apps/pdk/ciel/sky130/versions/0fe599b2afb6708d281543108caf8310912f54af/sky130A/libs.ref/sky130_fd_sc_hd/lib/sky130_fd_sc_hd__tt_025C_1v80.lib'…
Reading design constraints file at '/nix/store/zs0jjs1cnaljzhp3rwp8bw7z27hk44md-python3-3.11.9-env/lib/python3.11/site-packages/librelane/scripts/base.sdc'…
[WARNING STA-0366] port '__VIRTUAL_CLK__' not found.
[INFO] Using clock __VIRTUAL_CLK__…
[INFO] Setting output delay to: 2
[INFO] Setting input delay to: 2
[WARNING STA-0366] port '__VIRTUAL_CLK__' not found.
[INFO] Setting load to: 0.033442
[INFO] Setting clock uncertainty to: 0.25
[INFO] Setting clock transition to: 0.1499999999999999944488848768742172978818416595458984375
[WARNING STA-0419] transition time can not be specified for virtual clocks.
[INFO] Setting timing derate to: 5%
[WARNING STA-0450] virtual clock __VIRTUAL_CLK__ can not be propagated.
[INFO] Setting RC values…
%OL_CREATE_REPORT min.rpt

===========================================================================
report_checks -path_delay min (Hold)
============================================================================
======================= nom_tt_025C_1v80 Corner ===================================

Startpoint: cin_i (input port clocked by __VIRTUAL_CLK__)
Endpoint: cout_o (output port clocked by __VIRTUAL_CLK__)
Path Group: __VIRTUAL_CLK__
Path Type: min

Fanout         Cap        Slew       Delay        Time   Description
---------------------------------------------------------------------------------------------
                      0.000000    0.000000    0.000000   clock __VIRTUAL_CLK__ (rise edge)
                                  0.000000    0.000000   clock network delay (ideal)
                                  2.000000    2.000000 v input external delay
     1    0.003042    0.009193    0.004849    2.004849 v cin_i (in)
                                                         cin_i (net)
                      0.009193    0.000000    2.004849 v input3/A (sky130_fd_sc_hd__buf_1)
     2    0.010244    0.065820    0.106082    2.110931 v input3/X (sky130_fd_sc_hd__buf_1)
                                                         net3 (net)
                      0.065820    0.000230    2.111161 v _4_/A (sky130_fd_sc_hd__inv_2)
     1    0.003331    0.028244    0.049795    2.160956 ^ _4_/Y (sky130_fd_sc_hd__inv_2)
                                                         _0_ (net)
                      0.028245    0.000109    2.161065 ^ _3_/A1 (sky130_fd_sc_hd__o21ai_1)
     1    0.002718    0.035126    0.056665    2.217730 v _3_/Y (sky130_fd_sc_hd__o21ai_1)
                                                         net4 (net)
                      0.035126    0.000086    2.217816 v output4/A (sky130_fd_sc_hd__buf_2)
     1    0.034390    0.089928    0.175928    2.393743 v output4/X (sky130_fd_sc_hd__buf_2)
                                                         cout_o (net)
                      0.089935    0.000837    2.394580 v cout_o (out)
                                              2.394580   data arrival time

                      0.000000    0.000000    0.000000   clock __VIRTUAL_CLK__ (rise edge)
                                  0.000000    0.000000   clock network delay (ideal)
                                  0.250000    0.250000   clock uncertainty
                                  0.000000    0.250000   clock reconvergence pessimism
                                 -2.000000   -1.750000   output external delay
                                             -1.750000   data required time
---------------------------------------------------------------------------------------------
                                             -1.750000   data required time
                                             -2.394580   data arrival time
---------------------------------------------------------------------------------------------
                                              4.144580   slack (MET)


Startpoint: cin_i (input port clocked by __VIRTUAL_CLK__)
Endpoint: sum_o (output port clocked by __VIRTUAL_CLK__)
Path Group: __VIRTUAL_CLK__
Path Type: min

Fanout         Cap        Slew       Delay        Time   Description
---------------------------------------------------------------------------------------------
                      0.000000    0.000000    0.000000   clock __VIRTUAL_CLK__ (rise edge)
                                  0.000000    0.000000   clock network delay (ideal)
                                  2.000000    2.000000 ^ input external delay
     1    0.003218    0.021537    0.011788    2.011788 ^ cin_i (in)
                                                         cin_i (net)
                      0.021537    0.000000    2.011788 ^ input3/A (sky130_fd_sc_hd__buf_1)
     2    0.010948    0.135417    0.136959    2.148747 ^ input3/X (sky130_fd_sc_hd__buf_1)
                                                         net3 (net)
                      0.135418    0.000310    2.149057 ^ _7_/A (sky130_fd_sc_hd__xnor2_1)
     1    0.008354    0.073049    0.120438    2.269495 v _7_/Y (sky130_fd_sc_hd__xnor2_1)
                                                         net5 (net)
                      0.073052    0.000525    2.270020 v output5/A (sky130_fd_sc_hd__buf_2)
     1    0.034763    0.090667    0.193362    2.463382 v output5/X (sky130_fd_sc_hd__buf_2)
                                                         sum_o (net)
                      0.090676    0.000941    2.464323 v sum_o (out)
                                              2.464323   data arrival time

                      0.000000    0.000000    0.000000   clock __VIRTUAL_CLK__ (rise edge)
                                  0.000000    0.000000   clock network delay (ideal)
                                  0.250000    0.250000   clock uncertainty
                                  0.000000    0.250000   clock reconvergence pessimism
                                 -2.000000   -1.750000   output external delay
                                             -1.750000   data required time
---------------------------------------------------------------------------------------------
                                             -1.750000   data required time
                                             -2.464323   data arrival time
---------------------------------------------------------------------------------------------
                                              4.214323   slack (MET)



%OL_END_REPORT
%OL_CREATE_REPORT max.rpt

===========================================================================
report_checks -path_delay max (Setup)
============================================================================
======================= nom_tt_025C_1v80 Corner ===================================

Startpoint: b_i (input port clocked by __VIRTUAL_CLK__)
Endpoint: sum_o (output port clocked by __VIRTUAL_CLK__)
Path Group: __VIRTUAL_CLK__
Path Type: max

Fanout         Cap        Slew       Delay        Time   Description
---------------------------------------------------------------------------------------------
                      0.000000    0.000000    0.000000   clock __VIRTUAL_CLK__ (rise edge)
                                  0.000000    0.000000   clock network delay (ideal)
                                  2.000000    2.000000 v input external delay
     1    0.003987    0.011383    0.006461    2.006461 v b_i (in)
                                                         b_i (net)
                      0.011389    0.000000    2.006461 v input2/A (sky130_fd_sc_hd__buf_1)
     2    0.008874    0.058264    0.101128    2.107590 v input2/X (sky130_fd_sc_hd__buf_1)
                                                         net2 (net)
                      0.058265    0.000347    2.107937 v _6_/A (sky130_fd_sc_hd__xnor2_1)
     2    0.007761    0.211614    0.224709    2.332646 ^ _6_/Y (sky130_fd_sc_hd__xnor2_1)
                                                         _2_ (net)
                      0.211614    0.000135    2.332780 ^ _7_/B (sky130_fd_sc_hd__xnor2_1)
     1    0.008514    0.226534    0.187264    2.520045 ^ _7_/Y (sky130_fd_sc_hd__xnor2_1)
                                                         net5 (net)
                      0.226536    0.000541    2.520586 ^ output5/A (sky130_fd_sc_hd__buf_2)
     1    0.034763    0.173073    0.256220    2.776806 ^ output5/X (sky130_fd_sc_hd__buf_2)
                                                         sum_o (net)
                      0.173076    0.000942    2.777748 ^ sum_o (out)
                                              2.777748   data arrival time

                      0.000000   10.000000   10.000000   clock __VIRTUAL_CLK__ (rise edge)
                                  0.000000   10.000000   clock network delay (ideal)
                                 -0.250000    9.750000   clock uncertainty
                                  0.000000    9.750000   clock reconvergence pessimism
                                 -2.000000    7.750000   output external delay
                                              7.750000   data required time
---------------------------------------------------------------------------------------------
                                              7.750000   data required time
                                             -2.777748   data arrival time
---------------------------------------------------------------------------------------------
                                              4.972251   slack (MET)


Startpoint: b_i (input port clocked by __VIRTUAL_CLK__)
Endpoint: cout_o (output port clocked by __VIRTUAL_CLK__)
Path Group: __VIRTUAL_CLK__
Path Type: max

Fanout         Cap        Slew       Delay        Time   Description
---------------------------------------------------------------------------------------------
                      0.000000    0.000000    0.000000   clock __VIRTUAL_CLK__ (rise edge)
                                  0.000000    0.000000   clock network delay (ideal)
                                  2.000000    2.000000 v input external delay
     1    0.003987    0.011383    0.006461    2.006461 v b_i (in)
                                                         b_i (net)
                      0.011389    0.000000    2.006461 v input2/A (sky130_fd_sc_hd__buf_1)
     2    0.008874    0.058264    0.101128    2.107590 v input2/X (sky130_fd_sc_hd__buf_1)
                                                         net2 (net)
                      0.058265    0.000347    2.107937 v _6_/A (sky130_fd_sc_hd__xnor2_1)
     2    0.007263    0.075034    0.150457    2.258394 v _6_/Y (sky130_fd_sc_hd__xnor2_1)
                                                         _2_ (net)
                      0.075034    0.000110    2.258504 v _3_/A2 (sky130_fd_sc_hd__o21ai_1)
     1    0.002878    0.099774    0.123067    2.381571 ^ _3_/Y (sky130_fd_sc_hd__o21ai_1)
                                                         net4 (net)
                      0.099774    0.000092    2.381663 ^ output4/A (sky130_fd_sc_hd__buf_2)
     1    0.034390    0.171069    0.218547    2.600210 ^ output4/X (sky130_fd_sc_hd__buf_2)
                                                         cout_o (net)
                      0.171070    0.000837    2.601047 ^ cout_o (out)
                                              2.601047   data arrival time

                      0.000000   10.000000   10.000000   clock __VIRTUAL_CLK__ (rise edge)
                                  0.000000   10.000000   clock network delay (ideal)
                                 -0.250000    9.750000   clock uncertainty
                                  0.000000    9.750000   clock reconvergence pessimism
                                 -2.000000    7.750000   output external delay
                                              7.750000   data required time
---------------------------------------------------------------------------------------------
                                              7.750000   data required time
                                             -2.601047   data arrival time
---------------------------------------------------------------------------------------------
                                              5.148953   slack (MET)



%OL_END_REPORT
%OL_CREATE_REPORT checks.rpt

===========================================================================
report_checks -unconstrained
===========================================================================
======================= nom_tt_025C_1v80 Corner ===================================

Startpoint: b_i (input port clocked by __VIRTUAL_CLK__)
Endpoint: sum_o (output port clocked by __VIRTUAL_CLK__)
Path Group: __VIRTUAL_CLK__
Path Type: max

Fanout         Cap        Slew       Delay        Time   Description
---------------------------------------------------------------------------------------------
                      0.000000    0.000000    0.000000   clock __VIRTUAL_CLK__ (rise edge)
                                  0.000000    0.000000   clock network delay (ideal)
                                  2.000000    2.000000 v input external delay
     1    0.003987    0.011383    0.006461    2.006461 v b_i (in)
                                                         b_i (net)
                      0.011389    0.000000    2.006461 v input2/A (sky130_fd_sc_hd__buf_1)
     2    0.008874    0.058264    0.101128    2.107590 v input2/X (sky130_fd_sc_hd__buf_1)
                                                         net2 (net)
                      0.058265    0.000347    2.107937 v _6_/A (sky130_fd_sc_hd__xnor2_1)
     2    0.007761    0.211614    0.224709    2.332646 ^ _6_/Y (sky130_fd_sc_hd__xnor2_1)
                                                         _2_ (net)
                      0.211614    0.000135    2.332780 ^ _7_/B (sky130_fd_sc_hd__xnor2_1)
     1    0.008514    0.226534    0.187264    2.520045 ^ _7_/Y (sky130_fd_sc_hd__xnor2_1)
                                                         net5 (net)
                      0.226536    0.000541    2.520586 ^ output5/A (sky130_fd_sc_hd__buf_2)
     1    0.034763    0.173073    0.256220    2.776806 ^ output5/X (sky130_fd_sc_hd__buf_2)
                                                         sum_o (net)
                      0.173076    0.000942    2.777748 ^ sum_o (out)
                                              2.777748   data arrival time

                      0.000000   10.000000   10.000000   clock __VIRTUAL_CLK__ (rise edge)
                                  0.000000   10.000000   clock network delay (ideal)
                                 -0.250000    9.750000   clock uncertainty
                                  0.000000    9.750000   clock reconvergence pessimism
                                 -2.000000    7.750000   output external delay
                                              7.750000   data required time
---------------------------------------------------------------------------------------------
                                              7.750000   data required time
                                             -2.777748   data arrival time
---------------------------------------------------------------------------------------------
                                              4.972251   slack (MET)




===========================================================================
report_checks --slack_max -0.01
============================================================================
======================= nom_tt_025C_1v80 Corner ===================================

No paths found.


===========================================================================
 report_check_types -max_slew -max_cap -max_fanout -violators
============================================================================
======================= nom_tt_025C_1v80 Corner ===================================



===========================================================================
report_parasitic_annotation -report_unannotated
============================================================================
Found 0 unannotated drivers.
Found 0 partially unannotated drivers.

===========================================================================
max slew violation count 0
Writing metric design__max_slew_violation__count__corner:nom_tt_025C_1v80: 0
max fanout violation count 0
Writing metric design__max_fanout_violation__count__corner:nom_tt_025C_1v80: 0
max cap violation count 0
Writing metric design__max_cap_violation__count__corner:nom_tt_025C_1v80: 0
============================================================================

===========================================================================
check_setup -verbose -unconstrained_endpoints -multiple_clock -no_clock -no_input_delay -loops -generated_clocks
===========================================================================
%OL_END_REPORT
%OL_CREATE_REPORT power.rpt

===========================================================================
 report_power
============================================================================
======================= nom_tt_025C_1v80 Corner ===================================

Group                    Internal    Switching      Leakage        Total
                            Power        Power        Power        Power (Watts)
------------------------------------------------------------------------
Sequential           0.000000e+00 0.000000e+00 0.000000e+00 0.000000e+00   0.0%
Combinational        1.748080e-06 4.050662e-06 2.356221e-11 5.798766e-06 100.0%
Clock                0.000000e+00 0.000000e+00 1.814421e-10 1.814421e-10   0.0%
Macro                0.000000e+00 0.000000e+00 0.000000e+00 0.000000e+00   0.0%
Pad                  0.000000e+00 0.000000e+00 0.000000e+00 0.000000e+00   0.0%
------------------------------------------------------------------------
Total                1.748080e-06 4.050662e-06 2.050042e-10 5.798947e-06 100.0%
                            30.1%        69.9%         0.0%
Writing metric power__internal__total: 1.748079853314266e-6
Writing metric power__switching__total: 4.05066248276853e-6
Writing metric power__leakage__total: 2.0500424968705744e-10
Writing metric power__total: 5.798947313451208e-6

%OL_END_REPORT
%OL_CREATE_REPORT skew.min.rpt

===========================================================================
Clock Skew (Hold)
============================================================================
Writing metric clock__skew__worst_hold__corner:nom_tt_025C_1v80: 0.0
======================= nom_tt_025C_1v80 Corner ===================================

Clock __VIRTUAL_CLK__
No launch/capture paths found.

%OL_END_REPORT
%OL_CREATE_REPORT skew.max.rpt

===========================================================================
Clock Skew (Setup)
============================================================================
Writing metric clock__skew__worst_setup__corner:nom_tt_025C_1v80: 0.0
======================= nom_tt_025C_1v80 Corner ===================================

Clock __VIRTUAL_CLK__
No launch/capture paths found.

%OL_END_REPORT
%OL_CREATE_REPORT ws.min.rpt

===========================================================================
Worst Slack (Hold)
============================================================================
Writing metric timing__hold__ws__corner:nom_tt_025C_1v80: 4.144579907693835
nom_tt_025C_1v80: 4.144579907693835
%OL_END_REPORT
%OL_CREATE_REPORT ws.max.rpt

===========================================================================
Worst Slack (Setup)
============================================================================
Writing metric timing__setup__ws__corner:nom_tt_025C_1v80: 4.972251640049254
nom_tt_025C_1v80: 4.972251640049254
%OL_END_REPORT
%OL_CREATE_REPORT tns.min.rpt

===========================================================================
Total Negative Slack (Hold)
============================================================================
Writing metric timing__hold__tns__corner:nom_tt_025C_1v80: 0.0
nom_tt_025C_1v80: 0.0
%OL_END_REPORT
%OL_CREATE_REPORT tns.max.rpt

===========================================================================
Total Negative Slack (Setup)
============================================================================
Writing metric timing__setup__tns__corner:nom_tt_025C_1v80: 0.0
nom_tt_025C_1v80: 0.0
%OL_END_REPORT
%OL_CREATE_REPORT wns.min.rpt

===========================================================================
Worst Negative Slack (Hold)
============================================================================
Writing metric timing__hold__wns__corner:nom_tt_025C_1v80: 0
nom_tt_025C_1v80: 0
%OL_END_REPORT
%OL_CREATE_REPORT wns.max.rpt

===========================================================================
Worst Negative Slack (Setup)
============================================================================
Writing metric timing__setup__wns__corner:nom_tt_025C_1v80: 0.0
nom_tt_025C_1v80: 0.0
%OL_END_REPORT
%OL_CREATE_REPORT violator_list.rpt

===========================================================================
Violator List
============================================================================
Writing metric timing__hold_vio__count__corner:nom_tt_025C_1v80: 0
Writing metric timing__hold_r2r__ws__corner:nom_tt_025C_1v80: 1e30
Writing metric timing__hold_r2r_vio__count__corner:nom_tt_025C_1v80: 0
Writing metric timing__setup_vio__count__corner:nom_tt_025C_1v80: 0
Writing metric timing__setup_r2r__ws__corner:nom_tt_025C_1v80: 1e30
Writing metric timing__setup_r2r_vio__count__corner:nom_tt_025C_1v80: 0
%OL_END_REPORT
%OL_CREATE_REPORT unpropagated.rpt
__VIRTUAL_CLK__
%OL_END_REPORT
%OL_CREATE_REPORT clock.rpt
Clock: __VIRTUAL_CLK__
Sources: 
Generated: no
Virtual: yes
Propagated: no
Period: 10.000000

===========================================================================
report_clock_properties
============================================================================
Clock                   Period          Waveform
----------------------------------------------------
__VIRTUAL_CLK__      10.000000    0.000000  5.000000

===========================================================================
report_clock_latency
============================================================================
Clock __VIRTUAL_CLK__


===========================================================================
report_clock_min_period
============================================================================
__VIRTUAL_CLK__ period_min = 0.00 fmax = inf
%OL_END_REPORT
