Reading timing models for corner max_ff_n40C_1v95…
Reading cell library for the 'max_ff_n40C_1v95' corner at '/nc/apps/pdk/ciel/sky130/versions/0fe599b2afb6708d281543108caf8310912f54af/sky130A/libs.ref/sky130_fd_sc_hd/lib/sky130_fd_sc_hd__ff_n40C_1v95.lib'…
Reading top-level netlist at '/workspace/test_full_adder/runs/RUN_2025-08-19_16-02-41/51-openroad-fillinsertion/FullAdder.nl.v'…
Linking design 'FullAdder' from netlist…
Warning: /workspace/test_full_adder/runs/RUN_2025-08-19_16-02-41/51-openroad-fillinsertion/FullAdder.nl.v line 92, module sky130_fd_sc_hd__tapvpwrvgnd_1 not found. Creating black box for TAP_TAPCELL_ROW_0_56.
Warning: /workspace/test_full_adder/runs/RUN_2025-08-19_16-02-41/51-openroad-fillinsertion/FullAdder.nl.v line 192, module sky130_ef_sc_hd__decap_12 not found. Creating black box for FILLER_0_3.
Warning: /workspace/test_full_adder/runs/RUN_2025-08-19_16-02-41/51-openroad-fillinsertion/FullAdder.nl.v line 194, module sky130_fd_sc_hd__fill_1 not found. Creating black box for FILLER_0_27.
Warning: /workspace/test_full_adder/runs/RUN_2025-08-19_16-02-41/51-openroad-fillinsertion/FullAdder.nl.v line 201, module sky130_fd_sc_hd__fill_2 not found. Creating black box for FILLER_0_85.
Reading design constraints file at '/nix/store/zs0jjs1cnaljzhp3rwp8bw7z27hk44md-python3-3.11.9-env/lib/python3.11/site-packages/librelane/scripts/base.sdc'…
Warning: base.sdc line 15, port '__VIRTUAL_CLK__' not found.
[INFO] Using clock __VIRTUAL_CLK__…
[INFO] Setting output delay to: 2
[INFO] Setting input delay to: 2
Warning: base.sdc line 32, port '__VIRTUAL_CLK__' not found.
[INFO] Setting load to: 0.033442
[INFO] Setting clock uncertainty to: 0.25
[INFO] Setting clock transition to: 0.1499999999999999944488848768742172978818416595458984375
Warning: base.sdc line 69, transition time can not be specified for virtual clocks.
[INFO] Setting timing derate to: 5%
Warning: base.sdc line 79, virtual clock __VIRTUAL_CLK__ can not be propagated.
Reading top-level design parasitics for the 'max_ff_n40C_1v95' corner at '/workspace/test_full_adder/runs/RUN_2025-08-19_16-02-41/53-openroad-rcx/max/FullAdder.max.spef'…
%OL_CREATE_REPORT min.rpt

===========================================================================
report_checks -path_delay min (Hold)
============================================================================
======================= max_ff_n40C_1v95 Corner ===================================

Startpoint: b_i (input port clocked by __VIRTUAL_CLK__)
Endpoint: cout_o (output port clocked by __VIRTUAL_CLK__)
Path Group: __VIRTUAL_CLK__
Path Type: min

Fanout         Cap        Slew       Delay        Time   Description
---------------------------------------------------------------------------------------------
                      0.000000    0.000000    0.000000   clock __VIRTUAL_CLK__ (rise edge)
                                  0.000000    0.000000   clock network delay (ideal)
                                  2.000000    2.000000 v input external delay
     1    0.003078    0.005121    0.002565    2.002565 v b_i (in)
                                                         b_i (net)
                      0.005129    0.000000    2.002565 v input2/A (sky130_fd_sc_hd__buf_1)
     2    0.008045    0.037255    0.063161    2.065726 v input2/X (sky130_fd_sc_hd__buf_1)
                                                         net2 (net)
                      0.037262    0.000494    2.066219 v _5_/A (sky130_fd_sc_hd__nand2_1)
     1    0.002312    0.026068    0.037168    2.103388 ^ _5_/Y (sky130_fd_sc_hd__nand2_1)
                                                         _1_ (net)
                      0.026068    0.000108    2.103496 ^ _3_/B1 (sky130_fd_sc_hd__o21ai_1)
     1    0.002212    0.015567    0.020359    2.123855 v _3_/Y (sky130_fd_sc_hd__o21ai_1)
                                                         net4 (net)
                      0.015568    0.000149    2.124004 v output4/A (sky130_fd_sc_hd__buf_2)
     1    0.034370    0.062875    0.111252    2.235256 v output4/X (sky130_fd_sc_hd__buf_2)
                                                         cout_o (net)
                      0.062925    0.001592    2.236848 v cout_o (out)
                                              2.236848   data arrival time

                      0.000000    0.000000    0.000000   clock __VIRTUAL_CLK__ (rise edge)
                                  0.000000    0.000000   clock network delay (ideal)
                                  0.250000    0.250000   clock uncertainty
                                  0.000000    0.250000   clock reconvergence pessimism
                                 -2.000000   -1.750000   output external delay
                                             -1.750000   data required time
---------------------------------------------------------------------------------------------
                                             -1.750000   data required time
                                             -2.236848   data arrival time
---------------------------------------------------------------------------------------------
                                              3.986848   slack (MET)


Startpoint: cin_i (input port clocked by __VIRTUAL_CLK__)
Endpoint: sum_o (output port clocked by __VIRTUAL_CLK__)
Path Group: __VIRTUAL_CLK__
Path Type: min

Fanout         Cap        Slew       Delay        Time   Description
---------------------------------------------------------------------------------------------
                      0.000000    0.000000    0.000000   clock __VIRTUAL_CLK__ (rise edge)
                                  0.000000    0.000000   clock network delay (ideal)
                                  2.000000    2.000000 v input external delay
     1    0.002972    0.004965    0.002468    2.002469 v cin_i (in)
                                                         cin_i (net)
                      0.004973    0.000000    2.002469 v input3/A (sky130_fd_sc_hd__buf_1)
     2    0.010254    0.044799    0.069765    2.072233 v input3/X (sky130_fd_sc_hd__buf_1)
                                                         net3 (net)
                      0.044808    0.000633    2.072866 v _7_/A (sky130_fd_sc_hd__xnor2_1)
     1    0.009392    0.049541    0.105274    2.178140 v _7_/Y (sky130_fd_sc_hd__xnor2_1)
                                                         net5 (net)
                      0.049560    0.000918    2.179059 v output5/A (sky130_fd_sc_hd__buf_2)
     1    0.034156    0.062625    0.124207    2.303266 v output5/X (sky130_fd_sc_hd__buf_2)
                                                         sum_o (net)
                      0.062678    0.001639    2.304905 v sum_o (out)
                                              2.304905   data arrival time

                      0.000000    0.000000    0.000000   clock __VIRTUAL_CLK__ (rise edge)
                                  0.000000    0.000000   clock network delay (ideal)
                                  0.250000    0.250000   clock uncertainty
                                  0.000000    0.250000   clock reconvergence pessimism
                                 -2.000000   -1.750000   output external delay
                                             -1.750000   data required time
---------------------------------------------------------------------------------------------
                                             -1.750000   data required time
                                             -2.304905   data arrival time
---------------------------------------------------------------------------------------------
                                              4.054905   slack (MET)



%OL_END_REPORT
%OL_CREATE_REPORT max.rpt

===========================================================================
report_checks -path_delay max (Setup)
============================================================================
======================= max_ff_n40C_1v95 Corner ===================================

Startpoint: b_i (input port clocked by __VIRTUAL_CLK__)
Endpoint: sum_o (output port clocked by __VIRTUAL_CLK__)
Path Group: __VIRTUAL_CLK__
Path Type: max

Fanout         Cap        Slew       Delay        Time   Description
---------------------------------------------------------------------------------------------
                      0.000000    0.000000    0.000000   clock __VIRTUAL_CLK__ (rise edge)
                                  0.000000    0.000000   clock network delay (ideal)
                                  2.000000    2.000000 v input external delay
     1    0.003078    0.005121    0.002565    2.002565 v b_i (in)
                                                         b_i (net)
                      0.005129    0.000000    2.002565 v input2/A (sky130_fd_sc_hd__buf_1)
     2    0.008045    0.037255    0.063161    2.065726 v input2/X (sky130_fd_sc_hd__buf_1)
                                                         net2 (net)
                      0.037265    0.000587    2.066313 v _6_/A (sky130_fd_sc_hd__xnor2_1)
     2    0.007840    0.151388    0.152573    2.218886 ^ _6_/Y (sky130_fd_sc_hd__xnor2_1)
                                                         _2_ (net)
                      0.151390    0.000443    2.219329 ^ _7_/B (sky130_fd_sc_hd__xnor2_1)
     1    0.009551    0.175523    0.115778    2.335106 ^ _7_/Y (sky130_fd_sc_hd__xnor2_1)
                                                         net5 (net)
                      0.175531    0.000943    2.336050 ^ output5/A (sky130_fd_sc_hd__buf_2)
     1    0.034156    0.127699    0.164432    2.500482 ^ output5/X (sky130_fd_sc_hd__buf_2)
                                                         sum_o (net)
                      0.127771    0.001642    2.502125 ^ sum_o (out)
                                              2.502125   data arrival time

                      0.000000   10.000000   10.000000   clock __VIRTUAL_CLK__ (rise edge)
                                  0.000000   10.000000   clock network delay (ideal)
                                 -0.250000    9.750000   clock uncertainty
                                  0.000000    9.750000   clock reconvergence pessimism
                                 -2.000000    7.750000   output external delay
                                              7.750000   data required time
---------------------------------------------------------------------------------------------
                                              7.750000   data required time
                                             -2.502125   data arrival time
---------------------------------------------------------------------------------------------
                                              5.247875   slack (MET)


Startpoint: b_i (input port clocked by __VIRTUAL_CLK__)
Endpoint: cout_o (output port clocked by __VIRTUAL_CLK__)
Path Group: __VIRTUAL_CLK__
Path Type: max

Fanout         Cap        Slew       Delay        Time   Description
---------------------------------------------------------------------------------------------
                      0.000000    0.000000    0.000000   clock __VIRTUAL_CLK__ (rise edge)
                                  0.000000    0.000000   clock network delay (ideal)
                                  2.000000    2.000000 v input external delay
     1    0.003078    0.005121    0.002565    2.002565 v b_i (in)
                                                         b_i (net)
                      0.005129    0.000000    2.002565 v input2/A (sky130_fd_sc_hd__buf_1)
     2    0.008045    0.037255    0.063161    2.065726 v input2/X (sky130_fd_sc_hd__buf_1)
                                                         net2 (net)
                      0.037265    0.000587    2.066313 v _6_/A (sky130_fd_sc_hd__xnor2_1)
     2    0.007319    0.049491    0.095526    2.161839 v _6_/Y (sky130_fd_sc_hd__xnor2_1)
                                                         _2_ (net)
                      0.049491    0.000230    2.162069 v _3_/A2 (sky130_fd_sc_hd__o21ai_1)
     1    0.002371    0.064957    0.077352    2.239421 ^ _3_/Y (sky130_fd_sc_hd__o21ai_1)
                                                         net4 (net)
                      0.064957    0.000161    2.239583 ^ output4/A (sky130_fd_sc_hd__buf_2)
     1    0.034370    0.128608    0.146253    2.385835 ^ output4/X (sky130_fd_sc_hd__buf_2)
                                                         cout_o (net)
                      0.128637    0.001595    2.387430 ^ cout_o (out)
                                              2.387430   data arrival time

                      0.000000   10.000000   10.000000   clock __VIRTUAL_CLK__ (rise edge)
                                  0.000000   10.000000   clock network delay (ideal)
                                 -0.250000    9.750000   clock uncertainty
                                  0.000000    9.750000   clock reconvergence pessimism
                                 -2.000000    7.750000   output external delay
                                              7.750000   data required time
---------------------------------------------------------------------------------------------
                                              7.750000   data required time
                                             -2.387430   data arrival time
---------------------------------------------------------------------------------------------
                                              5.362570   slack (MET)



%OL_END_REPORT
%OL_CREATE_REPORT checks.rpt

===========================================================================
report_checks -unconstrained
===========================================================================
======================= max_ff_n40C_1v95 Corner ===================================

Startpoint: b_i (input port clocked by __VIRTUAL_CLK__)
Endpoint: sum_o (output port clocked by __VIRTUAL_CLK__)
Path Group: __VIRTUAL_CLK__
Path Type: max

Fanout         Cap        Slew       Delay        Time   Description
---------------------------------------------------------------------------------------------
                      0.000000    0.000000    0.000000   clock __VIRTUAL_CLK__ (rise edge)
                                  0.000000    0.000000   clock network delay (ideal)
                                  2.000000    2.000000 v input external delay
     1    0.003078    0.005121    0.002565    2.002565 v b_i (in)
                                                         b_i (net)
                      0.005129    0.000000    2.002565 v input2/A (sky130_fd_sc_hd__buf_1)
     2    0.008045    0.037255    0.063161    2.065726 v input2/X (sky130_fd_sc_hd__buf_1)
                                                         net2 (net)
                      0.037265    0.000587    2.066313 v _6_/A (sky130_fd_sc_hd__xnor2_1)
     2    0.007840    0.151388    0.152573    2.218886 ^ _6_/Y (sky130_fd_sc_hd__xnor2_1)
                                                         _2_ (net)
                      0.151390    0.000443    2.219329 ^ _7_/B (sky130_fd_sc_hd__xnor2_1)
     1    0.009551    0.175523    0.115778    2.335106 ^ _7_/Y (sky130_fd_sc_hd__xnor2_1)
                                                         net5 (net)
                      0.175531    0.000943    2.336050 ^ output5/A (sky130_fd_sc_hd__buf_2)
     1    0.034156    0.127699    0.164432    2.500482 ^ output5/X (sky130_fd_sc_hd__buf_2)
                                                         sum_o (net)
                      0.127771    0.001642    2.502125 ^ sum_o (out)
                                              2.502125   data arrival time

                      0.000000   10.000000   10.000000   clock __VIRTUAL_CLK__ (rise edge)
                                  0.000000   10.000000   clock network delay (ideal)
                                 -0.250000    9.750000   clock uncertainty
                                  0.000000    9.750000   clock reconvergence pessimism
                                 -2.000000    7.750000   output external delay
                                              7.750000   data required time
---------------------------------------------------------------------------------------------
                                              7.750000   data required time
                                             -2.502125   data arrival time
---------------------------------------------------------------------------------------------
                                              5.247875   slack (MET)




===========================================================================
report_checks --slack_max -0.01
============================================================================
======================= max_ff_n40C_1v95 Corner ===================================

No paths found.


===========================================================================
 report_check_types -max_slew -max_cap -max_fanout -violators
============================================================================
======================= max_ff_n40C_1v95 Corner ===================================



===========================================================================
report_parasitic_annotation -report_unannotated
============================================================================
Found 0 unannotated drivers.
Found 0 partially unannotated drivers.

===========================================================================
max slew violation count 0
%OL_METRIC_I design__max_slew_violation__count__corner:max_ff_n40C_1v95 0
max fanout violation count 0
%OL_METRIC_I design__max_fanout_violation__count__corner:max_ff_n40C_1v95 0
max cap violation count 0
%OL_METRIC_I design__max_cap_violation__count__corner:max_ff_n40C_1v95 0
============================================================================

===========================================================================
check_setup -verbose -unconstrained_endpoints -multiple_clock -no_clock -no_input_delay -loops -generated_clocks
===========================================================================
%OL_END_REPORT
%OL_CREATE_REPORT power.rpt

===========================================================================
 report_power
============================================================================
======================= max_ff_n40C_1v95 Corner ===================================

Group                    Internal    Switching      Leakage        Total
                            Power        Power        Power        Power (Watts)
------------------------------------------------------------------------
Sequential           0.000000e+00 0.000000e+00 0.000000e+00 0.000000e+00   0.0%
Combinational        1.945941e-06 4.726000e-06 4.908153e-11 6.671989e-06 100.0%
Clock                0.000000e+00 0.000000e+00 5.665737e-10 5.665737e-10   0.0%
Macro                0.000000e+00 0.000000e+00 0.000000e+00 0.000000e+00   0.0%
Pad                  0.000000e+00 0.000000e+00 0.000000e+00 0.000000e+00   0.0%
------------------------------------------------------------------------
Total                1.945941e-06 4.726000e-06 6.156551e-10 6.672556e-06 100.0%
                            29.2%        70.8%         0.0%
%OL_METRIC_F power__internal__total 1.9459405393718043e-6
%OL_METRIC_F power__switching__total 4.726000042865053e-6
%OL_METRIC_F power__leakage__total 6.15655082469857e-10
%OL_METRIC_F power__total 6.672556082776282e-6

%OL_END_REPORT
%OL_CREATE_REPORT skew.min.rpt

===========================================================================
Clock Skew (Hold)
============================================================================
%OL_METRIC_F clock__skew__worst_hold__corner:max_ff_n40C_1v95 0.0
======================= max_ff_n40C_1v95 Corner ===================================

Clock __VIRTUAL_CLK__
No launch/capture paths found.

%OL_END_REPORT
%OL_CREATE_REPORT skew.max.rpt

===========================================================================
Clock Skew (Setup)
============================================================================
%OL_METRIC_F clock__skew__worst_setup__corner:max_ff_n40C_1v95 0.0
======================= max_ff_n40C_1v95 Corner ===================================

Clock __VIRTUAL_CLK__
No launch/capture paths found.

%OL_END_REPORT
%OL_CREATE_REPORT ws.min.rpt

===========================================================================
Worst Slack (Hold)
============================================================================
%OL_METRIC_F timing__hold__ws__corner:max_ff_n40C_1v95 3.9868478535891123
max_ff_n40C_1v95: 3.9868478535891123
%OL_END_REPORT
%OL_CREATE_REPORT ws.max.rpt

===========================================================================
Worst Slack (Setup)
============================================================================
%OL_METRIC_F timing__setup__ws__corner:max_ff_n40C_1v95 5.247875171848651
max_ff_n40C_1v95: 5.247875171848651
%OL_END_REPORT
%OL_CREATE_REPORT tns.min.rpt

===========================================================================
Total Negative Slack (Hold)
============================================================================
%OL_METRIC_F timing__hold__tns__corner:max_ff_n40C_1v95 0.0
max_ff_n40C_1v95: 0.0
%OL_END_REPORT
%OL_CREATE_REPORT tns.max.rpt

===========================================================================
Total Negative Slack (Setup)
============================================================================
%OL_METRIC_F timing__setup__tns__corner:max_ff_n40C_1v95 0.0
max_ff_n40C_1v95: 0.0
%OL_END_REPORT
%OL_CREATE_REPORT wns.min.rpt

===========================================================================
Worst Negative Slack (Hold)
============================================================================
%OL_METRIC_F timing__hold__wns__corner:max_ff_n40C_1v95 0
max_ff_n40C_1v95: 0
%OL_END_REPORT
%OL_CREATE_REPORT wns.max.rpt

===========================================================================
Worst Negative Slack (Setup)
============================================================================
%OL_METRIC_F timing__setup__wns__corner:max_ff_n40C_1v95 0.0
max_ff_n40C_1v95: 0.0
%OL_END_REPORT
%OL_CREATE_REPORT violator_list.rpt

===========================================================================
Violator List
============================================================================
%OL_METRIC_I timing__hold_vio__count__corner:max_ff_n40C_1v95 0
%OL_METRIC_F timing__hold_r2r__ws__corner:max_ff_n40C_1v95 inf
%OL_METRIC_I timing__hold_r2r_vio__count__corner:max_ff_n40C_1v95 0
%OL_METRIC_I timing__setup_vio__count__corner:max_ff_n40C_1v95 0
%OL_METRIC_F timing__setup_r2r__ws__corner:max_ff_n40C_1v95 inf
%OL_METRIC_I timing__setup_r2r_vio__count__corner:max_ff_n40C_1v95 0
%OL_END_REPORT
%OL_CREATE_REPORT unpropagated.rpt
__VIRTUAL_CLK__
%OL_END_REPORT
%OL_CREATE_REPORT clock.rpt
Clock: __VIRTUAL_CLK__
Sources: 
Generated: no
Virtual: yes
Propagated: no
Period: 10.000000

===========================================================================
report_clock_properties
============================================================================
Clock                   Period          Waveform
----------------------------------------------------
__VIRTUAL_CLK__      10.000000    0.000000  5.000000

===========================================================================
report_clock_latency
============================================================================
Clock __VIRTUAL_CLK__


===========================================================================
report_clock_min_period
============================================================================
__VIRTUAL_CLK__ period_min = 0.00 fmax = inf
%OL_END_REPORT
Writing SDF files for all corners…
Removing Clock latencies before writing libs…
Writing timing models for all corners…
Writing timing models for the max_ff_n40C_1v95 corner to /workspace/test_full_adder/runs/RUN_2025-08-19_16-02-41/54-openroad-stapostpnr/max_ff_n40C_1v95/FullAdder__max_ff_n40C_1v95.lib…
